[ 2017-05-14T13:09:07+08:00 ] ::1 /index.php?c=Admin&a=spcenter
INFO: [ app_init ] --START--
INFO: Run Behavior\BuildLiteBehavior [ RunTime:0.000000s ]
INFO: [ app_init ] --END-- [ RunTime:0.001001s ]

[ 2017-05-14T13:09:08+08:00 ] ::1 /index.php?c=Index&a=login
INFO: [ app_init ] --START--
INFO: Run Behavior\BuildLiteBehavior [ RunTime:0.000000s ]
INFO: [ app_init ] --END-- [ RunTime:0.001000s ]

[ 2017-05-14T13:09:23+08:00 ] ::1 /index.php?c=Index&a=dologin&user_name=admin&password=admin2015
INFO: [ app_init ] --START--
INFO: Run Behavior\BuildLiteBehavior [ RunTime:0.000000s ]
INFO: [ app_init ] --END-- [ RunTime:0.001000s ]
INFO: [ app_begin ] --START--
INFO: Run Behavior\ReadHtmlCacheBehavior [ RunTime:0.001000s ]
INFO: [ app_begin ] --END-- [ RunTime:0.001000s ]
SQL: SHOW COLUMNS FROM `ws_admin_user` [ RunTime:0.0390s ]
SQL: SELECT * FROM `ws_admin_user` WHERE `user_name` = 'admin' AND `password` = '434d711276d2ed2068e7a02499fac15c' LIMIT 1   [ RunTime:0.0390s ]
NOTIC: [8] Use of undefined constant user_name - assumed 'user_name' E:\sunbandad\pc_enchanteur\App\Home\Controller\IndexController.class.php 第 36 行.

[ 2017-05-14T13:09:23+08:00 ] ::1 /index.php?c=Admin&a=index
INFO: [ app_init ] --START--
INFO: Run Behavior\BuildLiteBehavior [ RunTime:0.000000s ]
INFO: [ app_init ] --END-- [ RunTime:0.001000s ]

[ 2017-05-14T13:09:25+08:00 ] ::1 /index.php?c=Admin&a=splist
INFO: [ app_init ] --START--
INFO: Run Behavior\BuildLiteBehavior [ RunTime:0.000000s ]
INFO: [ app_init ] --END-- [ RunTime:0.001000s ]

[ 2017-05-14T13:09:26+08:00 ] ::1 /index.php?c=Admin&a=spload&_dc=1494738565977&page=1&start=0&limit=20
INFO: [ app_init ] --START--
INFO: Run Behavior\BuildLiteBehavior [ RunTime:0.000000s ]
INFO: [ app_init ] --END-- [ RunTime:0.001000s ]
INFO: [ app_begin ] --START--
INFO: Run Behavior\ReadHtmlCacheBehavior [ RunTime:0.001000s ]
INFO: [ app_begin ] --END-- [ RunTime:0.002000s ]
NOTIC: [8] Use of undefined constant user_name - assumed 'user_name' E:\sunbandad\pc_enchanteur\App\Home\Controller\AdminController.class.php 第 12 行.
SQL: SHOW COLUMNS FROM `spcenter` [ RunTime:0.0440s ]
SQL: SELECT COUNT(*) AS tp_count FROM `spcenter` LIMIT 1   [ RunTime:0.0380s ]
SQL: SELECT * FROM `spcenter` ORDER BY createtime desc LIMIT 0,20   [ RunTime:0.0468s ]
INFO: [ app_end ] --START--
INFO: Run Behavior\ShowPageTraceBehavior [ RunTime:0.000000s ]
INFO: [ app_end ] --END-- [ RunTime:0.000000s ]

[ 2017-05-14T13:09:31+08:00 ] ::1 /index.php?c=Admin&a=statistics
INFO: [ app_init ] --START--
INFO: Run Behavior\BuildLiteBehavior [ RunTime:0.000000s ]
INFO: [ app_init ] --END-- [ RunTime:0.001000s ]

[ 2017-05-14T13:10:51+08:00 ] ::1 /index.php?c=Admin&a=loadstatistics
INFO: [ app_init ] --START--
INFO: Run Behavior\BuildLiteBehavior [ RunTime:0.000000s ]
INFO: [ app_init ] --END-- [ RunTime:0.000000s ]
INFO: [ app_begin ] --START--
INFO: Run Behavior\ReadHtmlCacheBehavior [ RunTime:0.001000s ]
INFO: [ app_begin ] --END-- [ RunTime:0.001000s ]
NOTIC: [8] Use of undefined constant user_name - assumed 'user_name' E:\sunbandad\pc_enchanteur\App\Home\Controller\AdminController.class.php 第 12 行.
SQL: SHOW COLUMNS FROM `ws_vote_log` [ RunTime:0.0312s ]
SQL: SELECT COUNT(*) AS tp_count FROM `ws_vote_log` WHERE ( source='pc' and type='visit' and date_format(vote_time,'%Y-%m-%d')=date_format(date_sub(now(),INTERVAL 0 DAY),'%Y-%m-%d')  ) LIMIT 1   [ RunTime:2.7054s ]
SQL: SELECT COUNT(*) AS tp_count FROM `ws_vote_log` WHERE ( source='pc' and type='arrive' and date_format(vote_time,'%Y-%m-%d')=date_format(date_sub(now(),INTERVAL 0 DAY),'%Y-%m-%d')  ) LIMIT 1   [ RunTime:2.3866s ]
SQL: SELECT COUNT(*) AS tp_count FROM `ws_vote_log` WHERE ( source='wap' and type='visit' and date_format(vote_time,'%Y-%m-%d')=date_format(date_sub(now(),INTERVAL 0 DAY),'%Y-%m-%d')  ) LIMIT 1   [ RunTime:3.7485s ]
SQL: SELECT COUNT(*) AS tp_count FROM `ws_vote_log` WHERE ( source='wap' and type='arrive' and date_format(vote_time,'%Y-%m-%d')=date_format(date_sub(now(),INTERVAL 0 DAY),'%Y-%m-%d')  ) LIMIT 1   [ RunTime:2.5134s ]
SQL: SELECT COUNT(*) AS tp_count FROM `ws_vote_log` WHERE ( source='pc' and type='visit' and date_format(vote_time,'%Y-%m-%d')=date_format(date_sub(now(),INTERVAL 1 DAY),'%Y-%m-%d')  ) LIMIT 1   [ RunTime:2.7833s ]
SQL: SELECT COUNT(*) AS tp_count FROM `ws_vote_log` WHERE ( source='pc' and type='arrive' and date_format(vote_time,'%Y-%m-%d')=date_format(date_sub(now(),INTERVAL 1 DAY),'%Y-%m-%d')  ) LIMIT 1   [ RunTime:2.3821s ]
SQL: SELECT COUNT(*) AS tp_count FROM `ws_vote_log` WHERE ( source='wap' and type='visit' and date_format(vote_time,'%Y-%m-%d')=date_format(date_sub(now(),INTERVAL 1 DAY),'%Y-%m-%d')  ) LIMIT 1   [ RunTime:3.7209s ]
SQL: SELECT COUNT(*) AS tp_count FROM `ws_vote_log` WHERE ( source='wap' and type='arrive' and date_format(vote_time,'%Y-%m-%d')=date_format(date_sub(now(),INTERVAL 1 DAY),'%Y-%m-%d')  ) LIMIT 1   [ RunTime:2.4887s ]
SQL: SELECT COUNT(*) AS tp_count FROM `ws_vote_log` WHERE ( source='pc' and type='visit' and date_format(vote_time,'%Y-%m-%d')=date_format(date_sub(now(),INTERVAL 2 DAY),'%Y-%m-%d')  ) LIMIT 1   [ RunTime:2.7302s ]
SQL: SELECT COUNT(*) AS tp_count FROM `ws_vote_log` WHERE ( source='pc' and type='arrive' and date_format(vote_time,'%Y-%m-%d')=date_format(date_sub(now(),INTERVAL 2 DAY),'%Y-%m-%d')  ) LIMIT 1   [ RunTime:2.3556s ]
SQL: SELECT COUNT(*) AS tp_count FROM `ws_vote_log` WHERE ( source='wap' and type='visit' and date_format(vote_time,'%Y-%m-%d')=date_format(date_sub(now(),INTERVAL 2 DAY),'%Y-%m-%d')  ) LIMIT 1   [ RunTime:3.8826s ]
SQL: SELECT COUNT(*) AS tp_count FROM `ws_vote_log` WHERE ( source='wap' and type='arrive' and date_format(vote_time,'%Y-%m-%d')=date_format(date_sub(now(),INTERVAL 2 DAY),'%Y-%m-%d')  ) LIMIT 1   [ RunTime:2.4712s ]
SQL: SELECT COUNT(*) AS tp_count FROM `ws_vote_log` WHERE ( source='pc' and type='visit' and date_format(vote_time,'%Y-%m-%d')=date_format(date_sub(now(),INTERVAL 3 DAY),'%Y-%m-%d')  ) LIMIT 1   [ RunTime:2.7673s ]
SQL: SELECT COUNT(*) AS tp_count FROM `ws_vote_log` WHERE ( source='pc' and type='arrive' and date_format(vote_time,'%Y-%m-%d')=date_format(date_sub(now(),INTERVAL 3 DAY),'%Y-%m-%d')  ) LIMIT 1   [ RunTime:2.3721s ]
SQL: SELECT COUNT(*) AS tp_count FROM `ws_vote_log` WHERE ( source='wap' and type='visit' and date_format(vote_time,'%Y-%m-%d')=date_format(date_sub(now(),INTERVAL 3 DAY),'%Y-%m-%d')  ) LIMIT 1   [ RunTime:3.8962s ]
SQL: SELECT COUNT(*) AS tp_count FROM `ws_vote_log` WHERE ( source='wap' and type='arrive' and date_format(vote_time,'%Y-%m-%d')=date_format(date_sub(now(),INTERVAL 3 DAY),'%Y-%m-%d')  ) LIMIT 1   [ RunTime:2.4271s ]
SQL: SELECT COUNT(*) AS tp_count FROM `ws_vote_log` WHERE ( source='pc' and type='visit' and date_format(vote_time,'%Y-%m-%d')=date_format(date_sub(now(),INTERVAL 4 DAY),'%Y-%m-%d')  ) LIMIT 1   [ RunTime:2.7112s ]
SQL: SELECT COUNT(*) AS tp_count FROM `ws_vote_log` WHERE ( source='pc' and type='arrive' and date_format(vote_time,'%Y-%m-%d')=date_format(date_sub(now(),INTERVAL 4 DAY),'%Y-%m-%d')  ) LIMIT 1   [ RunTime:2.3651s ]
SQL: SELECT COUNT(*) AS tp_count FROM `ws_vote_log` WHERE ( source='wap' and type='visit' and date_format(vote_time,'%Y-%m-%d')=date_format(date_sub(now(),INTERVAL 4 DAY),'%Y-%m-%d')  ) LIMIT 1   [ RunTime:3.6652s ]
SQL: SELECT COUNT(*) AS tp_count FROM `ws_vote_log` WHERE ( source='wap' and type='arrive' and date_format(vote_time,'%Y-%m-%d')=date_format(date_sub(now(),INTERVAL 4 DAY),'%Y-%m-%d')  ) LIMIT 1   [ RunTime:2.4811s ]
SQL: SELECT COUNT(*) AS tp_count FROM `ws_vote_log` WHERE ( source='pc' and type='visit' and date_format(vote_time,'%Y-%m-%d')=date_format(date_sub(now(),INTERVAL 5 DAY),'%Y-%m-%d')  ) LIMIT 1   [ RunTime:2.7282s ]
SQL: SELECT COUNT(*) AS tp_count FROM `ws_vote_log` WHERE ( source='pc' and type='arrive' and date_format(vote_time,'%Y-%m-%d')=date_format(date_sub(now(),INTERVAL 5 DAY),'%Y-%m-%d')  ) LIMIT 1   [ RunTime:2.3761s ]
SQL: SELECT COUNT(*) AS tp_count FROM `ws_vote_log` WHERE ( source='wap' and type='visit' and date_format(vote_time,'%Y-%m-%d')=date_format(date_sub(now(),INTERVAL 5 DAY),'%Y-%m-%d')  ) LIMIT 1   [ RunTime:3.7272s ]
SQL: SELECT COUNT(*) AS tp_count FROM `ws_vote_log` WHERE ( source='wap' and type='arrive' and date_format(vote_time,'%Y-%m-%d')=date_format(date_sub(now(),INTERVAL 5 DAY),'%Y-%m-%d')  ) LIMIT 1   [ RunTime:2.5081s ]
SQL: SELECT COUNT(*) AS tp_count FROM `ws_vote_log` WHERE ( source='pc' and type='visit' and date_format(vote_time,'%Y-%m-%d')=date_format(date_sub(now(),INTERVAL 6 DAY),'%Y-%m-%d')  ) LIMIT 1   [ RunTime:2.7292s ]
SQL: SELECT COUNT(*) AS tp_count FROM `ws_vote_log` WHERE ( source='pc' and type='arrive' and date_format(vote_time,'%Y-%m-%d')=date_format(date_sub(now(),INTERVAL 6 DAY),'%Y-%m-%d')  ) LIMIT 1   [ RunTime:2.3391s ]
SQL: SELECT COUNT(*) AS tp_count FROM `ws_vote_log` WHERE ( source='wap' and type='visit' and date_format(vote_time,'%Y-%m-%d')=date_format(date_sub(now(),INTERVAL 6 DAY),'%Y-%m-%d')  ) LIMIT 1   [ RunTime:3.7362s ]
SQL: SELECT COUNT(*) AS tp_count FROM `ws_vote_log` WHERE ( source='wap' and type='arrive' and date_format(vote_time,'%Y-%m-%d')=date_format(date_sub(now(),INTERVAL 6 DAY),'%Y-%m-%d')  ) LIMIT 1   [ RunTime:2.4421s ]

[ 2017-05-14T13:10:51+08:00 ] ::1 /index.php?c=Admin&a=index
INFO: [ app_init ] --START--
INFO: Run Behavior\BuildLiteBehavior [ RunTime:0.000000s ]
INFO: [ app_init ] --END-- [ RunTime:0.000000s ]

[ 2017-05-14T13:10:52+08:00 ] ::1 /index.php?c=Admin&a=splist
INFO: [ app_init ] --START--
INFO: Run Behavior\BuildLiteBehavior [ RunTime:0.000000s ]
INFO: [ app_init ] --END-- [ RunTime:0.001000s ]

[ 2017-05-14T13:10:53+08:00 ] ::1 /index.php?c=Admin&a=spload&_dc=1494738652825&page=1&start=0&limit=20
INFO: [ app_init ] --START--
INFO: Run Behavior\BuildLiteBehavior [ RunTime:0.000000s ]
INFO: [ app_init ] --END-- [ RunTime:0.000000s ]
INFO: [ app_begin ] --START--
INFO: Run Behavior\ReadHtmlCacheBehavior [ RunTime:0.001000s ]
INFO: [ app_begin ] --END-- [ RunTime:0.001000s ]
NOTIC: [8] Use of undefined constant user_name - assumed 'user_name' E:\sunbandad\pc_enchanteur\App\Home\Controller\AdminController.class.php 第 12 行.
SQL: SHOW COLUMNS FROM `spcenter` [ RunTime:0.0332s ]
SQL: SELECT COUNT(*) AS tp_count FROM `spcenter` LIMIT 1   [ RunTime:0.0472s ]
SQL: SELECT * FROM `spcenter` ORDER BY createtime desc LIMIT 0,20   [ RunTime:0.0356s ]
INFO: [ app_end ] --START--
INFO: Run Behavior\ShowPageTraceBehavior [ RunTime:0.000000s ]
INFO: [ app_end ] --END-- [ RunTime:0.000000s ]

[ 2017-05-14T13:10:54+08:00 ] ::1 /index.php?c=Admin&a=report
INFO: [ app_init ] --START--
INFO: Run Behavior\BuildLiteBehavior [ RunTime:0.000000s ]
INFO: [ app_init ] --END-- [ RunTime:0.000000s ]

[ 2017-05-14T13:10:55+08:00 ] ::1 /index.php?c=Admin&a=loadreport&_dc=1494738655188&page=1&start=0&limit=100
INFO: [ app_init ] --START--
INFO: Run Behavior\BuildLiteBehavior [ RunTime:0.000000s ]
INFO: [ app_init ] --END-- [ RunTime:0.001000s ]
INFO: [ app_begin ] --START--
INFO: Run Behavior\ReadHtmlCacheBehavior [ RunTime:0.001000s ]
INFO: [ app_begin ] --END-- [ RunTime:0.002000s ]
NOTIC: [8] Use of undefined constant user_name - assumed 'user_name' E:\sunbandad\pc_enchanteur\App\Home\Controller\AdminController.class.php 第 12 行.
SQL: SHOW COLUMNS FROM `ws_report` [ RunTime:0.0542s ]
SQL: SELECT * FROM `ws_report`  [ RunTime:0.0312s ]
INFO: [ app_end ] --START--
INFO: Run Behavior\ShowPageTraceBehavior [ RunTime:0.000000s ]
INFO: [ app_end ] --END-- [ RunTime:0.000000s ]

[ 2017-05-14T13:14:07+08:00 ] ::1 /index.php?c=Admin&a=articlelist
INFO: [ app_init ] --START--
INFO: Run Behavior\BuildLiteBehavior [ RunTime:0.000000s ]
INFO: [ app_init ] --END-- [ RunTime:0.000000s ]

[ 2017-05-14T13:14:09+08:00 ] ::1 /index.php?c=Admin&a=articleload&_dc=1494738848632&page=1&start=0&limit=20
INFO: [ app_init ] --START--
INFO: Run Behavior\BuildLiteBehavior [ RunTime:0.000000s ]
INFO: [ app_init ] --END-- [ RunTime:0.001000s ]
INFO: [ app_begin ] --START--
INFO: Run Behavior\ReadHtmlCacheBehavior [ RunTime:0.001000s ]
INFO: [ app_begin ] --END-- [ RunTime:0.001000s ]
NOTIC: [8] Use of undefined constant user_name - assumed 'user_name' E:\sunbandad\pc_enchanteur\App\Home\Controller\AdminController.class.php 第 12 行.
SQL: SHOW COLUMNS FROM `ws_article` [ RunTime:0.0558s ]
SQL: SELECT COUNT(*) AS tp_count FROM `ws_article` LIMIT 1   [ RunTime:0.0390s ]
SQL: SELECT * FROM `ws_article` ORDER BY add_time desc LIMIT 0,20   [ RunTime:0.2798s ]
INFO: [ app_end ] --START--
INFO: Run Behavior\ShowPageTraceBehavior [ RunTime:0.002000s ]
INFO: [ app_end ] --END-- [ RunTime:0.002000s ]

[ 2017-05-14T13:18:19+08:00 ] ::1 /index.php?c=Admin&a=report
INFO: [ app_init ] --START--
INFO: Run Behavior\BuildLiteBehavior [ RunTime:0.000000s ]
INFO: [ app_init ] --END-- [ RunTime:0.001000s ]

[ 2017-05-14T13:18:20+08:00 ] ::1 /index.php?c=Admin&a=loadreport&_dc=1494739100244&page=1&start=0&limit=30
INFO: [ app_init ] --START--
INFO: Run Behavior\BuildLiteBehavior [ RunTime:0.000000s ]
INFO: [ app_init ] --END-- [ RunTime:0.000000s ]
INFO: [ app_begin ] --START--
INFO: Run Behavior\ReadHtmlCacheBehavior [ RunTime:0.001000s ]
INFO: [ app_begin ] --END-- [ RunTime:0.002000s ]
NOTIC: [8] Use of undefined constant user_name - assumed 'user_name' E:\sunbandad\pc_enchanteur\App\Home\Controller\AdminController.class.php 第 12 行.
SQL: SHOW COLUMNS FROM `ws_report` [ RunTime:0.0312s ]
SQL: SELECT COUNT(*) AS tp_count FROM `ws_report` LIMIT 1   [ RunTime:0.0360s ]
SQL: SELECT * FROM `ws_report` ORDER BY datestr desc LIMIT 0,20   [ RunTime:0.0468s ]
INFO: [ app_end ] --START--
INFO: Run Behavior\ShowPageTraceBehavior [ RunTime:0.000000s ]
INFO: [ app_end ] --END-- [ RunTime:0.000000s ]

[ 2017-05-14T13:18:25+08:00 ] ::1 /index.php?c=Admin&a=loadreport&_dc=1494739105430&page=2&start=30&limit=30
INFO: [ app_init ] --START--
INFO: Run Behavior\BuildLiteBehavior [ RunTime:0.000000s ]
INFO: [ app_init ] --END-- [ RunTime:0.001000s ]
INFO: [ app_begin ] --START--
INFO: Run Behavior\ReadHtmlCacheBehavior [ RunTime:0.001000s ]
INFO: [ app_begin ] --END-- [ RunTime:0.001000s ]
NOTIC: [8] Use of undefined constant user_name - assumed 'user_name' E:\sunbandad\pc_enchanteur\App\Home\Controller\AdminController.class.php 第 12 行.
SQL: SHOW COLUMNS FROM `ws_report` [ RunTime:0.0420s ]
SQL: SELECT COUNT(*) AS tp_count FROM `ws_report` LIMIT 1   [ RunTime:0.0410s ]
SQL: SELECT * FROM `ws_report` ORDER BY datestr desc LIMIT 20,20   [ RunTime:0.0420s ]
INFO: [ app_end ] --START--
INFO: Run Behavior\ShowPageTraceBehavior [ RunTime:0.002000s ]
INFO: [ app_end ] --END-- [ RunTime:0.002000s ]

[ 2017-05-14T13:18:27+08:00 ] ::1 /index.php?c=Admin&a=loadreport&_dc=1494739106943&page=3&start=60&limit=30
INFO: [ app_init ] --START--
INFO: Run Behavior\BuildLiteBehavior [ RunTime:0.000000s ]
INFO: [ app_init ] --END-- [ RunTime:0.001000s ]
INFO: [ app_begin ] --START--
INFO: Run Behavior\ReadHtmlCacheBehavior [ RunTime:0.001000s ]
INFO: [ app_begin ] --END-- [ RunTime:0.001000s ]
NOTIC: [8] Use of undefined constant user_name - assumed 'user_name' E:\sunbandad\pc_enchanteur\App\Home\Controller\AdminController.class.php 第 12 行.
SQL: SHOW COLUMNS FROM `ws_report` [ RunTime:0.0412s ]
SQL: SELECT COUNT(*) AS tp_count FROM `ws_report` LIMIT 1   [ RunTime:0.0390s ]
SQL: SELECT * FROM `ws_report` ORDER BY datestr desc LIMIT 40,20   [ RunTime:0.0400s ]
INFO: [ app_end ] --START--
INFO: Run Behavior\ShowPageTraceBehavior [ RunTime:0.002000s ]
INFO: [ app_end ] --END-- [ RunTime:0.002000s ]

[ 2017-05-14T13:18:29+08:00 ] ::1 /index.php?c=Admin&a=loadreport&_dc=1494739109324&page=2&start=30&limit=30
INFO: [ app_init ] --START--
INFO: Run Behavior\BuildLiteBehavior [ RunTime:0.000000s ]
INFO: [ app_init ] --END-- [ RunTime:0.000000s ]
INFO: [ app_begin ] --START--
INFO: Run Behavior\ReadHtmlCacheBehavior [ RunTime:0.001000s ]
INFO: [ app_begin ] --END-- [ RunTime:0.001000s ]
NOTIC: [8] Use of undefined constant user_name - assumed 'user_name' E:\sunbandad\pc_enchanteur\App\Home\Controller\AdminController.class.php 第 12 行.
SQL: SHOW COLUMNS FROM `ws_report` [ RunTime:0.0332s ]
SQL: SELECT COUNT(*) AS tp_count FROM `ws_report` LIMIT 1   [ RunTime:0.0312s ]
SQL: SELECT * FROM `ws_report` ORDER BY datestr desc LIMIT 20,20   [ RunTime:0.0392s ]
INFO: [ app_end ] --START--
INFO: Run Behavior\ShowPageTraceBehavior [ RunTime:0.002000s ]
INFO: [ app_end ] --END-- [ RunTime:0.002000s ]

[ 2017-05-14T13:18:30+08:00 ] ::1 /index.php?c=Admin&a=loadreport&_dc=1494739110140&page=1&start=0&limit=30
INFO: [ app_init ] --START--
INFO: Run Behavior\BuildLiteBehavior [ RunTime:0.000000s ]
INFO: [ app_init ] --END-- [ RunTime:0.000000s ]
INFO: [ app_begin ] --START--
INFO: Run Behavior\ReadHtmlCacheBehavior [ RunTime:0.001000s ]
INFO: [ app_begin ] --END-- [ RunTime:0.001000s ]
NOTIC: [8] Use of undefined constant user_name - assumed 'user_name' E:\sunbandad\pc_enchanteur\App\Home\Controller\AdminController.class.php 第 12 行.
SQL: SHOW COLUMNS FROM `ws_report` [ RunTime:0.0380s ]
SQL: SELECT COUNT(*) AS tp_count FROM `ws_report` LIMIT 1   [ RunTime:0.0370s ]
SQL: SELECT * FROM `ws_report` ORDER BY datestr desc LIMIT 0,20   [ RunTime:0.0270s ]
INFO: [ app_end ] --START--
INFO: Run Behavior\ShowPageTraceBehavior [ RunTime:0.000000s ]
INFO: [ app_end ] --END-- [ RunTime:0.000000s ]

[ 2017-05-14T13:18:43+08:00 ] ::1 /index.php?c=Admin&a=loadreport&_dc=1494739122880&page=1&start=0&limit=30
INFO: [ app_init ] --START--
INFO: Run Behavior\BuildLiteBehavior [ RunTime:0.000000s ]
INFO: [ app_init ] --END-- [ RunTime:0.001000s ]
INFO: [ app_begin ] --START--
INFO: Run Behavior\ReadHtmlCacheBehavior [ RunTime:0.001000s ]
INFO: [ app_begin ] --END-- [ RunTime:0.001000s ]
NOTIC: [8] Use of undefined constant user_name - assumed 'user_name' E:\sunbandad\pc_enchanteur\App\Home\Controller\AdminController.class.php 第 12 行.
SQL: SHOW COLUMNS FROM `ws_report` [ RunTime:0.0390s ]
SQL: SELECT COUNT(*) AS tp_count FROM `ws_report` LIMIT 1   [ RunTime:0.0390s ]
SQL: SELECT * FROM `ws_report` ORDER BY datestr desc LIMIT 0,20   [ RunTime:0.0390s ]
INFO: [ app_end ] --START--
INFO: Run Behavior\ShowPageTraceBehavior [ RunTime:0.002000s ]
INFO: [ app_end ] --END-- [ RunTime:0.003000s ]

[ 2017-05-14T13:18:44+08:00 ] ::1 /index.php?c=Admin&a=loadreport&_dc=1494739123889&page=1&start=0&limit=30
INFO: [ app_init ] --START--
INFO: Run Behavior\BuildLiteBehavior [ RunTime:0.000000s ]
INFO: [ app_init ] --END-- [ RunTime:0.000000s ]
INFO: [ app_begin ] --START--
INFO: Run Behavior\ReadHtmlCacheBehavior [ RunTime:0.001000s ]
INFO: [ app_begin ] --END-- [ RunTime:0.001000s ]
NOTIC: [8] Use of undefined constant user_name - assumed 'user_name' E:\sunbandad\pc_enchanteur\App\Home\Controller\AdminController.class.php 第 12 行.
SQL: SHOW COLUMNS FROM `ws_report` [ RunTime:0.0380s ]
SQL: SELECT COUNT(*) AS tp_count FROM `ws_report` LIMIT 1   [ RunTime:0.0380s ]
SQL: SELECT * FROM `ws_report` ORDER BY datestr desc LIMIT 0,20   [ RunTime:0.0380s ]
INFO: [ app_end ] --START--
INFO: Run Behavior\ShowPageTraceBehavior [ RunTime:0.001000s ]
INFO: [ app_end ] --END-- [ RunTime:0.003000s ]

[ 2017-05-14T13:18:45+08:00 ] ::1 /index.php?c=Admin&a=loadreport&_dc=1494739124705&page=1&start=0&limit=30
INFO: [ app_init ] --START--
INFO: Run Behavior\BuildLiteBehavior [ RunTime:0.000000s ]
INFO: [ app_init ] --END-- [ RunTime:0.001000s ]
INFO: [ app_begin ] --START--
INFO: Run Behavior\ReadHtmlCacheBehavior [ RunTime:0.000000s ]
INFO: [ app_begin ] --END-- [ RunTime:0.000000s ]
NOTIC: [8] Use of undefined constant user_name - assumed 'user_name' E:\sunbandad\pc_enchanteur\App\Home\Controller\AdminController.class.php 第 12 行.
SQL: SHOW COLUMNS FROM `ws_report` [ RunTime:0.0306s ]
SQL: SELECT COUNT(*) AS tp_count FROM `ws_report` LIMIT 1   [ RunTime:0.0468s ]
SQL: SELECT * FROM `ws_report` ORDER BY datestr desc LIMIT 0,20   [ RunTime:0.0366s ]
INFO: [ app_end ] --START--
INFO: Run Behavior\ShowPageTraceBehavior [ RunTime:0.000000s ]
INFO: [ app_end ] --END-- [ RunTime:0.000000s ]

[ 2017-05-14T13:18:45+08:00 ] ::1 /index.php?c=Admin&a=loadreport&_dc=1494739125503&page=1&start=0&limit=30
INFO: [ app_init ] --START--
INFO: Run Behavior\BuildLiteBehavior [ RunTime:0.000000s ]
INFO: [ app_init ] --END-- [ RunTime:0.001000s ]
INFO: [ app_begin ] --START--
INFO: Run Behavior\ReadHtmlCacheBehavior [ RunTime:0.001000s ]
INFO: [ app_begin ] --END-- [ RunTime:0.001000s ]
NOTIC: [8] Use of undefined constant user_name - assumed 'user_name' E:\sunbandad\pc_enchanteur\App\Home\Controller\AdminController.class.php 第 12 行.
SQL: SHOW COLUMNS FROM `ws_report` [ RunTime:0.0326s ]
SQL: SELECT COUNT(*) AS tp_count FROM `ws_report` LIMIT 1   [ RunTime:0.0508s ]
SQL: SELECT * FROM `ws_report` ORDER BY datestr desc LIMIT 0,20   [ RunTime:0.0310s ]
INFO: [ app_end ] --START--
INFO: Run Behavior\ShowPageTraceBehavior [ RunTime:0.000000s ]
INFO: [ app_end ] --END-- [ RunTime:0.000000s ]

[ 2017-05-14T13:18:46+08:00 ] ::1 /index.php?c=Admin&a=loadreport&_dc=1494739126319&page=1&start=0&limit=30
INFO: [ app_init ] --START--
INFO: Run Behavior\BuildLiteBehavior [ RunTime:0.000000s ]
INFO: [ app_init ] --END-- [ RunTime:0.000000s ]
INFO: [ app_begin ] --START--
INFO: Run Behavior\ReadHtmlCacheBehavior [ RunTime:0.001000s ]
INFO: [ app_begin ] --END-- [ RunTime:0.001000s ]
NOTIC: [8] Use of undefined constant user_name - assumed 'user_name' E:\sunbandad\pc_enchanteur\App\Home\Controller\AdminController.class.php 第 12 行.
SQL: SHOW COLUMNS FROM `ws_report` [ RunTime:0.0468s ]
SQL: SELECT COUNT(*) AS tp_count FROM `ws_report` LIMIT 1   [ RunTime:0.0432s ]
SQL: SELECT * FROM `ws_report` ORDER BY datestr desc LIMIT 0,20   [ RunTime:0.0392s ]
INFO: [ app_end ] --START--
INFO: Run Behavior\ShowPageTraceBehavior [ RunTime:0.000000s ]
INFO: [ app_end ] --END-- [ RunTime:0.000000s ]

[ 2017-05-14T13:18:47+08:00 ] ::1 /index.php?c=Admin&a=loadreport&_dc=1494739127121&page=1&start=0&limit=30
INFO: [ app_init ] --START--
INFO: Run Behavior\BuildLiteBehavior [ RunTime:0.000000s ]
INFO: [ app_init ] --END-- [ RunTime:0.001000s ]
INFO: [ app_begin ] --START--
INFO: Run Behavior\ReadHtmlCacheBehavior [ RunTime:0.002000s ]
INFO: [ app_begin ] --END-- [ RunTime:0.003000s ]
NOTIC: [8] Use of undefined constant user_name - assumed 'user_name' E:\sunbandad\pc_enchanteur\App\Home\Controller\AdminController.class.php 第 12 行.
SQL: SHOW COLUMNS FROM `ws_report` [ RunTime:0.0380s ]
SQL: SELECT COUNT(*) AS tp_count FROM `ws_report` LIMIT 1   [ RunTime:0.0370s ]
SQL: SELECT * FROM `ws_report` ORDER BY datestr desc LIMIT 0,20   [ RunTime:0.0270s ]
INFO: [ app_end ] --START--
INFO: Run Behavior\ShowPageTraceBehavior [ RunTime:0.000000s ]
INFO: [ app_end ] --END-- [ RunTime:0.000000s ]

[ 2017-05-14T13:18:48+08:00 ] ::1 /index.php?c=Admin&a=loadreport&_dc=1494739127950&page=1&start=0&limit=30
INFO: [ app_init ] --START--
INFO: Run Behavior\BuildLiteBehavior [ RunTime:0.000000s ]
INFO: [ app_init ] --END-- [ RunTime:0.001000s ]
INFO: [ app_begin ] --START--
INFO: Run Behavior\ReadHtmlCacheBehavior [ RunTime:0.000000s ]
INFO: [ app_begin ] --END-- [ RunTime:0.001000s ]
NOTIC: [8] Use of undefined constant user_name - assumed 'user_name' E:\sunbandad\pc_enchanteur\App\Home\Controller\AdminController.class.php 第 12 行.
SQL: SHOW COLUMNS FROM `ws_report` [ RunTime:0.0468s ]
SQL: SELECT COUNT(*) AS tp_count FROM `ws_report` LIMIT 1   [ RunTime:0.0506s ]
SQL: SELECT * FROM `ws_report` ORDER BY datestr desc LIMIT 0,20   [ RunTime:0.0332s ]
INFO: [ app_end ] --START--
INFO: Run Behavior\ShowPageTraceBehavior [ RunTime:0.000000s ]
INFO: [ app_end ] --END-- [ RunTime:0.000000s ]

[ 2017-05-14T13:18:49+08:00 ] ::1 /index.php?c=Admin&a=loadreport&_dc=1494739128783&page=1&start=0&limit=30
INFO: [ app_init ] --START--
INFO: Run Behavior\BuildLiteBehavior [ RunTime:0.000000s ]
INFO: [ app_init ] --END-- [ RunTime:0.001000s ]
INFO: [ app_begin ] --START--
INFO: Run Behavior\ReadHtmlCacheBehavior [ RunTime:0.000000s ]
INFO: [ app_begin ] --END-- [ RunTime:0.001000s ]
NOTIC: [8] Use of undefined constant user_name - assumed 'user_name' E:\sunbandad\pc_enchanteur\App\Home\Controller\AdminController.class.php 第 12 行.
SQL: SHOW COLUMNS FROM `ws_report` [ RunTime:0.0502s ]
SQL: SELECT COUNT(*) AS tp_count FROM `ws_report` LIMIT 1   [ RunTime:0.0336s ]
SQL: SELECT * FROM `ws_report` ORDER BY datestr desc LIMIT 0,20   [ RunTime:0.0312s ]
INFO: [ app_end ] --START--
INFO: Run Behavior\ShowPageTraceBehavior [ RunTime:0.000000s ]
INFO: [ app_end ] --END-- [ RunTime:0.000000s ]

[ 2017-05-14T13:18:49+08:00 ] ::1 /index.php?c=Admin&a=loadreport&_dc=1494739129516&page=1&start=0&limit=30
INFO: [ app_init ] --START--
INFO: Run Behavior\BuildLiteBehavior [ RunTime:0.000000s ]
INFO: [ app_init ] --END-- [ RunTime:0.000000s ]
INFO: [ app_begin ] --START--
INFO: Run Behavior\ReadHtmlCacheBehavior [ RunTime:0.001000s ]
INFO: [ app_begin ] --END-- [ RunTime:0.001000s ]
NOTIC: [8] Use of undefined constant user_name - assumed 'user_name' E:\sunbandad\pc_enchanteur\App\Home\Controller\AdminController.class.php 第 12 行.
SQL: SHOW COLUMNS FROM `ws_report` [ RunTime:0.0390s ]
SQL: SELECT COUNT(*) AS tp_count FROM `ws_report` LIMIT 1   [ RunTime:0.0370s ]
SQL: SELECT * FROM `ws_report` ORDER BY datestr desc LIMIT 0,20   [ RunTime:0.0380s ]
INFO: [ app_end ] --START--
INFO: Run Behavior\ShowPageTraceBehavior [ RunTime:0.002000s ]
INFO: [ app_end ] --END-- [ RunTime:0.002000s ]

[ 2017-05-14T13:18:50+08:00 ] ::1 /index.php?c=Admin&a=loadreport&_dc=1494739130265&page=1&start=0&limit=30
INFO: [ app_init ] --START--
INFO: Run Behavior\BuildLiteBehavior [ RunTime:0.000000s ]
INFO: [ app_init ] --END-- [ RunTime:0.001000s ]
INFO: [ app_begin ] --START--
INFO: Run Behavior\ReadHtmlCacheBehavior [ RunTime:0.001000s ]
INFO: [ app_begin ] --END-- [ RunTime:0.001000s ]
NOTIC: [8] Use of undefined constant user_name - assumed 'user_name' E:\sunbandad\pc_enchanteur\App\Home\Controller\AdminController.class.php 第 12 行.
SQL: SHOW COLUMNS FROM `ws_report` [ RunTime:0.0312s ]
SQL: SELECT COUNT(*) AS tp_count FROM `ws_report` LIMIT 1   [ RunTime:0.0372s ]
SQL: SELECT * FROM `ws_report` ORDER BY datestr desc LIMIT 0,20   [ RunTime:0.0468s ]
INFO: [ app_end ] --START--
INFO: Run Behavior\ShowPageTraceBehavior [ RunTime:0.000000s ]
INFO: [ app_end ] --END-- [ RunTime:0.000000s ]

[ 2017-05-14T13:18:51+08:00 ] ::1 /index.php?c=Admin&a=loadreport&_dc=1494739131113&page=1&start=0&limit=30
INFO: [ app_init ] --START--
INFO: Run Behavior\BuildLiteBehavior [ RunTime:0.000000s ]
INFO: [ app_init ] --END-- [ RunTime:0.002000s ]
INFO: [ app_begin ] --START--
INFO: Run Behavior\ReadHtmlCacheBehavior [ RunTime:0.001000s ]
INFO: [ app_begin ] --END-- [ RunTime:0.002000s ]
NOTIC: [8] Use of undefined constant user_name - assumed 'user_name' E:\sunbandad\pc_enchanteur\App\Home\Controller\AdminController.class.php 第 12 行.
SQL: SHOW COLUMNS FROM `ws_report` [ RunTime:0.0326s ]
SQL: SELECT COUNT(*) AS tp_count FROM `ws_report` LIMIT 1   [ RunTime:0.0468s ]
SQL: SELECT * FROM `ws_report` ORDER BY datestr desc LIMIT 0,20   [ RunTime:0.0376s ]
INFO: [ app_end ] --START--
INFO: Run Behavior\ShowPageTraceBehavior [ RunTime:0.000000s ]
INFO: [ app_end ] --END-- [ RunTime:0.000000s ]

[ 2017-05-14T13:18:52+08:00 ] ::1 /index.php?c=Admin&a=loadreport&_dc=1494739131914&page=1&start=0&limit=30
INFO: [ app_init ] --START--
INFO: Run Behavior\BuildLiteBehavior [ RunTime:0.000000s ]
INFO: [ app_init ] --END-- [ RunTime:0.001001s ]
INFO: [ app_begin ] --START--
INFO: Run Behavior\ReadHtmlCacheBehavior [ RunTime:0.001000s ]
INFO: [ app_begin ] --END-- [ RunTime:0.001000s ]
NOTIC: [8] Use of undefined constant user_name - assumed 'user_name' E:\sunbandad\pc_enchanteur\App\Home\Controller\AdminController.class.php 第 12 行.
SQL: SHOW COLUMNS FROM `ws_report` [ RunTime:0.0468s ]
SQL: SELECT COUNT(*) AS tp_count FROM `ws_report` LIMIT 1   [ RunTime:0.0472s ]
SQL: SELECT * FROM `ws_report` ORDER BY datestr desc LIMIT 0,20   [ RunTime:0.0352s ]
INFO: [ app_end ] --START--
INFO: Run Behavior\ShowPageTraceBehavior [ RunTime:0.000000s ]
INFO: [ app_end ] --END-- [ RunTime:0.000000s ]

[ 2017-05-14T13:18:53+08:00 ] ::1 /index.php?c=Admin&a=loadreport&_dc=1494739132709&page=1&start=0&limit=30
INFO: [ app_init ] --START--
INFO: Run Behavior\BuildLiteBehavior [ RunTime:0.000000s ]
INFO: [ app_init ] --END-- [ RunTime:0.001000s ]
INFO: [ app_begin ] --START--
INFO: Run Behavior\ReadHtmlCacheBehavior [ RunTime:0.000000s ]
INFO: [ app_begin ] --END-- [ RunTime:0.001000s ]
NOTIC: [8] Use of undefined constant user_name - assumed 'user_name' E:\sunbandad\pc_enchanteur\App\Home\Controller\AdminController.class.php 第 12 行.
SQL: SHOW COLUMNS FROM `ws_report` [ RunTime:0.0296s ]
SQL: SELECT COUNT(*) AS tp_count FROM `ws_report` LIMIT 1   [ RunTime:0.0502s ]
SQL: SELECT * FROM `ws_report` ORDER BY datestr desc LIMIT 0,20   [ RunTime:0.0468s ]
INFO: [ app_end ] --START--
INFO: Run Behavior\ShowPageTraceBehavior [ RunTime:0.000000s ]
INFO: [ app_end ] --END-- [ RunTime:0.000000s ]

[ 2017-05-14T13:18:53+08:00 ] ::1 /index.php?c=Admin&a=loadreport&_dc=1494739133543&page=1&start=0&limit=30
INFO: [ app_init ] --START--
INFO: Run Behavior\BuildLiteBehavior [ RunTime:0.000000s ]
INFO: [ app_init ] --END-- [ RunTime:0.001000s ]
INFO: [ app_begin ] --START--
INFO: Run Behavior\ReadHtmlCacheBehavior [ RunTime:0.000000s ]
INFO: [ app_begin ] --END-- [ RunTime:0.001000s ]
NOTIC: [8] Use of undefined constant user_name - assumed 'user_name' E:\sunbandad\pc_enchanteur\App\Home\Controller\AdminController.class.php 第 12 行.
SQL: SHOW COLUMNS FROM `ws_report` [ RunTime:0.0332s ]
SQL: SELECT COUNT(*) AS tp_count FROM `ws_report` LIMIT 1   [ RunTime:0.0516s ]
SQL: SELECT * FROM `ws_report` ORDER BY datestr desc LIMIT 0,20   [ RunTime:0.0306s ]
INFO: [ app_end ] --START--
INFO: Run Behavior\ShowPageTraceBehavior [ RunTime:0.000000s ]
INFO: [ app_end ] --END-- [ RunTime:0.000000s ]

[ 2017-05-14T13:18:54+08:00 ] ::1 /index.php?c=Admin&a=loadreport&_dc=1494739134375&page=1&start=0&limit=30
INFO: [ app_init ] --START--
INFO: Run Behavior\BuildLiteBehavior [ RunTime:0.000000s ]
INFO: [ app_init ] --END-- [ RunTime:0.001000s ]
INFO: [ app_begin ] --START--
INFO: Run Behavior\ReadHtmlCacheBehavior [ RunTime:0.000000s ]
INFO: [ app_begin ] --END-- [ RunTime:0.001000s ]
NOTIC: [8] Use of undefined constant user_name - assumed 'user_name' E:\sunbandad\pc_enchanteur\App\Home\Controller\AdminController.class.php 第 12 行.
SQL: SHOW COLUMNS FROM `ws_report` [ RunTime:0.0578s ]
SQL: SELECT COUNT(*) AS tp_count FROM `ws_report` LIMIT 1   [ RunTime:0.0412s ]
SQL: SELECT * FROM `ws_report` ORDER BY datestr desc LIMIT 0,20   [ RunTime:0.0312s ]
INFO: [ app_end ] --START--
INFO: Run Behavior\ShowPageTraceBehavior [ RunTime:0.016600s ]
INFO: [ app_end ] --END-- [ RunTime:0.016600s ]

[ 2017-05-14T13:18:55+08:00 ] ::1 /index.php?c=Admin&a=loadreport&_dc=1494739135326&page=1&start=0&limit=30
INFO: [ app_init ] --START--
INFO: Run Behavior\BuildLiteBehavior [ RunTime:0.000000s ]
INFO: [ app_init ] --END-- [ RunTime:0.000000s ]
INFO: [ app_begin ] --START--
INFO: Run Behavior\ReadHtmlCacheBehavior [ RunTime:0.000000s ]
INFO: [ app_begin ] --END-- [ RunTime:0.001000s ]
NOTIC: [8] Use of undefined constant user_name - assumed 'user_name' E:\sunbandad\pc_enchanteur\App\Home\Controller\AdminController.class.php 第 12 行.
SQL: SHOW COLUMNS FROM `ws_report` [ RunTime:0.0380s ]
SQL: SELECT COUNT(*) AS tp_count FROM `ws_report` LIMIT 1   [ RunTime:0.0380s ]
SQL: SELECT * FROM `ws_report` ORDER BY datestr desc LIMIT 0,20   [ RunTime:0.0276s ]
INFO: [ app_end ] --START--
INFO: Run Behavior\ShowPageTraceBehavior [ RunTime:0.000000s ]
INFO: [ app_end ] --END-- [ RunTime:0.000000s ]

[ 2017-05-14T13:18:56+08:00 ] ::1 /index.php?c=Admin&a=loadreport&_dc=1494739136107&page=1&start=0&limit=30
INFO: [ app_init ] --START--
INFO: Run Behavior\BuildLiteBehavior [ RunTime:0.000000s ]
INFO: [ app_init ] --END-- [ RunTime:0.001000s ]
INFO: [ app_begin ] --START--
INFO: Run Behavior\ReadHtmlCacheBehavior [ RunTime:0.001000s ]
INFO: [ app_begin ] --END-- [ RunTime:0.001000s ]
NOTIC: [8] Use of undefined constant user_name - assumed 'user_name' E:\sunbandad\pc_enchanteur\App\Home\Controller\AdminController.class.php 第 12 行.
SQL: SHOW COLUMNS FROM `ws_report` [ RunTime:0.0372s ]
SQL: SELECT COUNT(*) AS tp_count FROM `ws_report` LIMIT 1   [ RunTime:0.0312s ]
SQL: SELECT * FROM `ws_report` ORDER BY datestr desc LIMIT 0,20   [ RunTime:0.0392s ]
INFO: [ app_end ] --START--
INFO: Run Behavior\ShowPageTraceBehavior [ RunTime:0.002001s ]
INFO: [ app_end ] --END-- [ RunTime:0.002001s ]

[ 2017-05-14T13:18:57+08:00 ] ::1 /index.php?c=Admin&a=loadreport&_dc=1494739136912&page=1&start=0&limit=30
INFO: [ app_init ] --START--
INFO: Run Behavior\BuildLiteBehavior [ RunTime:0.000000s ]
INFO: [ app_init ] --END-- [ RunTime:0.000000s ]
INFO: [ app_begin ] --START--
INFO: Run Behavior\ReadHtmlCacheBehavior [ RunTime:0.001000s ]
INFO: [ app_begin ] --END-- [ RunTime:0.001000s ]
NOTIC: [8] Use of undefined constant user_name - assumed 'user_name' E:\sunbandad\pc_enchanteur\App\Home\Controller\AdminController.class.php 第 12 行.
SQL: SHOW COLUMNS FROM `ws_report` [ RunTime:0.0362s ]
SQL: SELECT COUNT(*) AS tp_count FROM `ws_report` LIMIT 1   [ RunTime:0.0508s ]
SQL: SELECT * FROM `ws_report` ORDER BY datestr desc LIMIT 0,20   [ RunTime:0.0316s ]
INFO: [ app_end ] --START--
INFO: Run Behavior\ShowPageTraceBehavior [ RunTime:0.000000s ]
INFO: [ app_end ] --END-- [ RunTime:0.000000s ]

[ 2017-05-14T13:19:21+08:00 ] ::1 /index.php?c=Admin&a=loadreport&_dc=1494739160980&page=2&start=30&limit=30
INFO: [ app_init ] --START--
INFO: Run Behavior\BuildLiteBehavior [ RunTime:0.000000s ]
INFO: [ app_init ] --END-- [ RunTime:0.000000s ]
INFO: [ app_begin ] --START--
INFO: Run Behavior\ReadHtmlCacheBehavior [ RunTime:0.000000s ]
INFO: [ app_begin ] --END-- [ RunTime:0.001000s ]
NOTIC: [8] Use of undefined constant user_name - assumed 'user_name' E:\sunbandad\pc_enchanteur\App\Home\Controller\AdminController.class.php 第 12 行.
SQL: SHOW COLUMNS FROM `ws_report` [ RunTime:0.0410s ]
SQL: SELECT COUNT(*) AS tp_count FROM `ws_report` LIMIT 1   [ RunTime:0.0390s ]
SQL: SELECT * FROM `ws_report` ORDER BY datestr desc LIMIT 25,25   [ RunTime:0.0370s ]
INFO: [ app_end ] --START--
INFO: Run Behavior\ShowPageTraceBehavior [ RunTime:0.000000s ]
INFO: [ app_end ] --END-- [ RunTime:0.000000s ]

[ 2017-05-14T13:19:23+08:00 ] ::1 /index.php?c=Admin&a=loadreport&_dc=1494739162862&page=2&start=30&limit=30
INFO: [ app_init ] --START--
INFO: Run Behavior\BuildLiteBehavior [ RunTime:0.000000s ]
INFO: [ app_init ] --END-- [ RunTime:0.001000s ]
INFO: [ app_begin ] --START--
INFO: Run Behavior\ReadHtmlCacheBehavior [ RunTime:0.000000s ]
INFO: [ app_begin ] --END-- [ RunTime:0.001000s ]
NOTIC: [8] Use of undefined constant user_name - assumed 'user_name' E:\sunbandad\pc_enchanteur\App\Home\Controller\AdminController.class.php 第 12 行.
SQL: SHOW COLUMNS FROM `ws_report` [ RunTime:0.0430s ]
SQL: SELECT COUNT(*) AS tp_count FROM `ws_report` LIMIT 1   [ RunTime:0.0352s ]
SQL: SELECT * FROM `ws_report` ORDER BY datestr desc LIMIT 25,25   [ RunTime:0.0522s ]
INFO: [ app_end ] --START--
INFO: Run Behavior\ShowPageTraceBehavior [ RunTime:0.000000s ]
INFO: [ app_end ] --END-- [ RunTime:0.000000s ]

[ 2017-05-14T13:19:24+08:00 ] ::1 /index.php?c=Admin&a=loadreport&_dc=1494739163937&page=1&start=0&limit=30
INFO: [ app_init ] --START--
INFO: Run Behavior\BuildLiteBehavior [ RunTime:0.000000s ]
INFO: [ app_init ] --END-- [ RunTime:0.001000s ]
INFO: [ app_begin ] --START--
INFO: Run Behavior\ReadHtmlCacheBehavior [ RunTime:0.001000s ]
INFO: [ app_begin ] --END-- [ RunTime:0.002000s ]
NOTIC: [8] Use of undefined constant user_name - assumed 'user_name' E:\sunbandad\pc_enchanteur\App\Home\Controller\AdminController.class.php 第 12 行.
SQL: SHOW COLUMNS FROM `ws_report` [ RunTime:0.0468s ]
SQL: SELECT COUNT(*) AS tp_count FROM `ws_report` LIMIT 1   [ RunTime:0.0386s ]
SQL: SELECT * FROM `ws_report` ORDER BY datestr desc LIMIT 0,25   [ RunTime:0.0468s ]
INFO: [ app_end ] --START--
INFO: Run Behavior\ShowPageTraceBehavior [ RunTime:0.000000s ]
INFO: [ app_end ] --END-- [ RunTime:0.000000s ]

[ 2017-05-14T13:19:29+08:00 ] ::1 /index.php?c=Admin&a=loadreport&_dc=1494739169049&page=1&start=0&limit=30
INFO: [ app_init ] --START--
INFO: Run Behavior\BuildLiteBehavior [ RunTime:0.000000s ]
INFO: [ app_init ] --END-- [ RunTime:0.000000s ]
INFO: [ app_begin ] --START--
INFO: Run Behavior\ReadHtmlCacheBehavior [ RunTime:0.001000s ]
INFO: [ app_begin ] --END-- [ RunTime:0.001000s ]
NOTIC: [8] Use of undefined constant user_name - assumed 'user_name' E:\sunbandad\pc_enchanteur\App\Home\Controller\AdminController.class.php 第 12 行.
SQL: SHOW COLUMNS FROM `ws_report` [ RunTime:0.0420s ]
SQL: SELECT COUNT(*) AS tp_count FROM `ws_report` LIMIT 1   [ RunTime:0.0356s ]
SQL: SELECT * FROM `ws_report` ORDER BY datestr desc LIMIT 0,25   [ RunTime:0.0468s ]
INFO: [ app_end ] --START--
INFO: Run Behavior\ShowPageTraceBehavior [ RunTime:0.000000s ]
INFO: [ app_end ] --END-- [ RunTime:0.000000s ]

[ 2017-05-14T13:19:30+08:00 ] ::1 /index.php?c=Admin&a=loadreport&_dc=1494739170170&page=2&start=30&limit=30
INFO: [ app_init ] --START--
INFO: Run Behavior\BuildLiteBehavior [ RunTime:0.000000s ]
INFO: [ app_init ] --END-- [ RunTime:0.000000s ]
INFO: [ app_begin ] --START--
INFO: Run Behavior\ReadHtmlCacheBehavior [ RunTime:0.000000s ]
INFO: [ app_begin ] --END-- [ RunTime:0.001000s ]
NOTIC: [8] Use of undefined constant user_name - assumed 'user_name' E:\sunbandad\pc_enchanteur\App\Home\Controller\AdminController.class.php 第 12 行.
SQL: SHOW COLUMNS FROM `ws_report` [ RunTime:0.0396s ]
SQL: SELECT COUNT(*) AS tp_count FROM `ws_report` LIMIT 1   [ RunTime:0.0468s ]
SQL: SELECT * FROM `ws_report` ORDER BY datestr desc LIMIT 25,25   [ RunTime:0.0472s ]
INFO: [ app_end ] --START--
INFO: Run Behavior\ShowPageTraceBehavior [ RunTime:0.001000s ]
INFO: [ app_end ] --END-- [ RunTime:0.001000s ]

[ 2017-05-14T13:19:31+08:00 ] ::1 /index.php?c=Admin&a=loadreport&_dc=1494739171050&page=3&start=60&limit=30
INFO: [ app_init ] --START--
INFO: Run Behavior\BuildLiteBehavior [ RunTime:0.000000s ]
INFO: [ app_init ] --END-- [ RunTime:0.000000s ]
INFO: [ app_begin ] --START--
INFO: Run Behavior\ReadHtmlCacheBehavior [ RunTime:0.000000s ]
INFO: [ app_begin ] --END-- [ RunTime:0.001000s ]
NOTIC: [8] Use of undefined constant user_name - assumed 'user_name' E:\sunbandad\pc_enchanteur\App\Home\Controller\AdminController.class.php 第 12 行.
SQL: SHOW COLUMNS FROM `ws_report` [ RunTime:0.0390s ]
SQL: SELECT COUNT(*) AS tp_count FROM `ws_report` LIMIT 1   [ RunTime:0.0370s ]
SQL: SELECT * FROM `ws_report` ORDER BY datestr desc LIMIT 50,25   [ RunTime:0.0390s ]
INFO: [ app_end ] --START--
INFO: Run Behavior\ShowPageTraceBehavior [ RunTime:0.002000s ]
INFO: [ app_end ] --END-- [ RunTime:0.003000s ]

[ 2017-05-14T13:19:34+08:00 ] ::1 /index.php?c=Admin&a=loadreport&_dc=1494739174195&page=2&start=30&limit=30
INFO: [ app_init ] --START--
INFO: Run Behavior\BuildLiteBehavior [ RunTime:0.000000s ]
INFO: [ app_init ] --END-- [ RunTime:0.001001s ]
INFO: [ app_begin ] --START--
INFO: Run Behavior\ReadHtmlCacheBehavior [ RunTime:0.001000s ]
INFO: [ app_begin ] --END-- [ RunTime:0.001000s ]
NOTIC: [8] Use of undefined constant user_name - assumed 'user_name' E:\sunbandad\pc_enchanteur\App\Home\Controller\AdminController.class.php 第 12 行.
SQL: SHOW COLUMNS FROM `ws_report` [ RunTime:0.0430s ]
SQL: SELECT COUNT(*) AS tp_count FROM `ws_report` LIMIT 1   [ RunTime:0.0420s ]
SQL: SELECT * FROM `ws_report` ORDER BY datestr desc LIMIT 25,25   [ RunTime:0.0430s ]
INFO: [ app_end ] --START--
INFO: Run Behavior\ShowPageTraceBehavior [ RunTime:0.002000s ]
INFO: [ app_end ] --END-- [ RunTime:0.002000s ]

[ 2017-05-14T13:19:40+08:00 ] ::1 /index.php?c=Admin&a=loadreport&_dc=1494739179707&page=1&start=0&limit=30
INFO: [ app_init ] --START--
INFO: Run Behavior\BuildLiteBehavior [ RunTime:0.000000s ]
INFO: [ app_init ] --END-- [ RunTime:0.001000s ]
INFO: [ app_begin ] --START--
INFO: Run Behavior\ReadHtmlCacheBehavior [ RunTime:0.001000s ]
INFO: [ app_begin ] --END-- [ RunTime:0.001000s ]
NOTIC: [8] Use of undefined constant user_name - assumed 'user_name' E:\sunbandad\pc_enchanteur\App\Home\Controller\AdminController.class.php 第 12 行.
SQL: SHOW COLUMNS FROM `ws_report` [ RunTime:0.0220s ]
SQL: SELECT COUNT(*) AS tp_count FROM `ws_report` LIMIT 1   [ RunTime:0.0312s ]
SQL: SELECT * FROM `ws_report` ORDER BY datestr desc LIMIT 0,25   [ RunTime:0.0456s ]
INFO: [ app_end ] --START--
INFO: Run Behavior\ShowPageTraceBehavior [ RunTime:0.002001s ]
INFO: [ app_end ] --END-- [ RunTime:0.002001s ]

[ 2017-05-14T13:20:03+08:00 ] ::1 /index.php?c=Admin&a=report
INFO: [ app_init ] --START--
INFO: Run Behavior\BuildLiteBehavior [ RunTime:0.000000s ]
INFO: [ app_init ] --END-- [ RunTime:0.000000s ]

[ 2017-05-14T13:20:04+08:00 ] ::1 /index.php?c=Admin&a=loadreport&_dc=1494739204645&page=1&start=0&limit=30
INFO: [ app_init ] --START--
INFO: Run Behavior\BuildLiteBehavior [ RunTime:0.001000s ]
INFO: [ app_init ] --END-- [ RunTime:0.001000s ]
INFO: [ app_begin ] --START--
INFO: Run Behavior\ReadHtmlCacheBehavior [ RunTime:0.001000s ]
INFO: [ app_begin ] --END-- [ RunTime:0.001000s ]
NOTIC: [8] Use of undefined constant user_name - assumed 'user_name' E:\sunbandad\pc_enchanteur\App\Home\Controller\AdminController.class.php 第 12 行.
SQL: SHOW COLUMNS FROM `ws_report` [ RunTime:0.0440s ]
SQL: SELECT COUNT(*) AS tp_count FROM `ws_report` LIMIT 1   [ RunTime:0.0420s ]
SQL: SELECT * FROM `ws_report` ORDER BY datestr desc LIMIT 0,25   [ RunTime:0.0440s ]
INFO: [ app_end ] --START--
INFO: Run Behavior\ShowPageTraceBehavior [ RunTime:0.002000s ]
INFO: [ app_end ] --END-- [ RunTime:0.003000s ]

[ 2017-05-14T13:20:33+08:00 ] ::1 /index.php?c=Admin&a=report
INFO: [ app_init ] --START--
INFO: Run Behavior\BuildLiteBehavior [ RunTime:0.000000s ]
INFO: [ app_init ] --END-- [ RunTime:0.001000s ]

[ 2017-05-14T13:20:34+08:00 ] ::1 /index.php?c=Admin&a=loadreport&_dc=1494739234111&page=1&start=0&limit=30
INFO: [ app_init ] --START--
INFO: Run Behavior\BuildLiteBehavior [ RunTime:0.000000s ]
INFO: [ app_init ] --END-- [ RunTime:0.001000s ]
INFO: [ app_begin ] --START--
INFO: Run Behavior\ReadHtmlCacheBehavior [ RunTime:0.001000s ]
INFO: [ app_begin ] --END-- [ RunTime:0.001000s ]
NOTIC: [8] Use of undefined constant user_name - assumed 'user_name' E:\sunbandad\pc_enchanteur\App\Home\Controller\AdminController.class.php 第 12 行.
SQL: SHOW COLUMNS FROM `ws_report` [ RunTime:0.0468s ]
SQL: SELECT COUNT(*) AS tp_count FROM `ws_report` LIMIT 1   [ RunTime:0.0518s ]
SQL: SELECT * FROM `ws_report` ORDER BY datestr desc LIMIT 0,24   [ RunTime:0.0316s ]
INFO: [ app_end ] --START--
INFO: Run Behavior\ShowPageTraceBehavior [ RunTime:0.000000s ]
INFO: [ app_end ] --END-- [ RunTime:0.000000s ]

[ 2017-05-14T13:21:06+08:00 ] ::1 /index.php?c=Admin&a=report
INFO: [ app_init ] --START--
INFO: Run Behavior\BuildLiteBehavior [ RunTime:0.001000s ]
INFO: [ app_init ] --END-- [ RunTime:0.001000s ]

[ 2017-05-14T13:21:07+08:00 ] ::1 /index.php?c=Admin&a=loadreport&_dc=1494739267349&page=1&start=0&limit=30
INFO: [ app_init ] --START--
INFO: Run Behavior\BuildLiteBehavior [ RunTime:0.000000s ]
INFO: [ app_init ] --END-- [ RunTime:0.001000s ]
INFO: [ app_begin ] --START--
INFO: Run Behavior\ReadHtmlCacheBehavior [ RunTime:0.001000s ]
INFO: [ app_begin ] --END-- [ RunTime:0.001000s ]
NOTIC: [8] Use of undefined constant user_name - assumed 'user_name' E:\sunbandad\pc_enchanteur\App\Home\Controller\AdminController.class.php 第 12 行.
SQL: SHOW COLUMNS FROM `ws_report` [ RunTime:0.0468s ]
SQL: SELECT COUNT(*) AS tp_count FROM `ws_report` LIMIT 1   [ RunTime:0.0492s ]
SQL: SELECT * FROM `ws_report` ORDER BY datestr desc LIMIT 0,24   [ RunTime:0.0342s ]
INFO: [ app_end ] --START--
INFO: Run Behavior\ShowPageTraceBehavior [ RunTime:0.000000s ]
INFO: [ app_end ] --END-- [ RunTime:0.000000s ]

[ 2017-05-14T13:21:36+08:00 ] ::1 /index.php?c=Admin&a=index
INFO: [ app_init ] --START--
INFO: Run Behavior\BuildLiteBehavior [ RunTime:0.001000s ]
INFO: [ app_init ] --END-- [ RunTime:0.001000s ]

[ 2017-05-14T13:21:37+08:00 ] ::1 /index.php?c=Admin&a=splist
INFO: [ app_init ] --START--
INFO: Run Behavior\BuildLiteBehavior [ RunTime:0.000000s ]
INFO: [ app_init ] --END-- [ RunTime:0.001000s ]

[ 2017-05-14T13:21:38+08:00 ] ::1 /index.php?c=Admin&a=spload&_dc=1494739297716&page=1&start=0&limit=20
INFO: [ app_init ] --START--
INFO: Run Behavior\BuildLiteBehavior [ RunTime:0.000000s ]
INFO: [ app_init ] --END-- [ RunTime:0.000000s ]
INFO: [ app_begin ] --START--
INFO: Run Behavior\ReadHtmlCacheBehavior [ RunTime:0.001000s ]
INFO: [ app_begin ] --END-- [ RunTime:0.001000s ]
NOTIC: [8] Use of undefined constant user_name - assumed 'user_name' E:\sunbandad\pc_enchanteur\App\Home\Controller\AdminController.class.php 第 12 行.
SQL: SHOW COLUMNS FROM `spcenter` [ RunTime:0.0420s ]
SQL: SELECT COUNT(*) AS tp_count FROM `spcenter` LIMIT 1   [ RunTime:0.0400s ]
SQL: SELECT * FROM `spcenter` ORDER BY createtime desc LIMIT 0,20   [ RunTime:0.0420s ]
INFO: [ app_end ] --START--
INFO: Run Behavior\ShowPageTraceBehavior [ RunTime:0.002001s ]
INFO: [ app_end ] --END-- [ RunTime:0.003001s ]

[ 2017-05-14T13:21:39+08:00 ] ::1 /index.php?c=Admin&a=report
INFO: [ app_init ] --START--
INFO: Run Behavior\BuildLiteBehavior [ RunTime:0.000000s ]
INFO: [ app_init ] --END-- [ RunTime:0.000000s ]

[ 2017-05-14T13:21:40+08:00 ] ::1 /index.php?c=Admin&a=loadreport&_dc=1494739299880&page=1&start=0&limit=30
INFO: [ app_init ] --START--
INFO: Run Behavior\BuildLiteBehavior [ RunTime:0.000000s ]
INFO: [ app_init ] --END-- [ RunTime:0.001000s ]
INFO: [ app_begin ] --START--
INFO: Run Behavior\ReadHtmlCacheBehavior [ RunTime:0.001000s ]
INFO: [ app_begin ] --END-- [ RunTime:0.001000s ]
NOTIC: [8] Use of undefined constant user_name - assumed 'user_name' E:\sunbandad\pc_enchanteur\App\Home\Controller\AdminController.class.php 第 12 行.
SQL: SHOW COLUMNS FROM `ws_report` [ RunTime:0.0492s ]
SQL: SELECT COUNT(*) AS tp_count FROM `ws_report` LIMIT 1   [ RunTime:0.0332s ]
SQL: SELECT * FROM `ws_report` ORDER BY datestr desc LIMIT 0,24   [ RunTime:0.0528s ]
INFO: [ app_end ] --START--
INFO: Run Behavior\ShowPageTraceBehavior [ RunTime:0.002001s ]
INFO: [ app_end ] --END-- [ RunTime:0.003001s ]

[ 2017-05-14T13:21:47+08:00 ] ::1 /index.php?c=Admin&a=loadreport&_dc=1494739307544&page=1&start=0&limit=30
INFO: [ app_init ] --START--
INFO: Run Behavior\BuildLiteBehavior [ RunTime:0.000000s ]
INFO: [ app_init ] --END-- [ RunTime:0.001000s ]
INFO: [ app_begin ] --START--
INFO: Run Behavior\ReadHtmlCacheBehavior [ RunTime:0.001000s ]
INFO: [ app_begin ] --END-- [ RunTime:0.001000s ]
NOTIC: [8] Use of undefined constant user_name - assumed 'user_name' E:\sunbandad\pc_enchanteur\App\Home\Controller\AdminController.class.php 第 12 行.
SQL: SHOW COLUMNS FROM `ws_report` [ RunTime:0.0312s ]
SQL: SELECT COUNT(*) AS tp_count FROM `ws_report` LIMIT 1   [ RunTime:0.0546s ]
SQL: SELECT * FROM `ws_report` ORDER BY datestr desc LIMIT 0,24   [ RunTime:0.0312s ]
INFO: [ app_end ] --START--
INFO: Run Behavior\ShowPageTraceBehavior [ RunTime:0.015600s ]
INFO: [ app_end ] --END-- [ RunTime:0.015600s ]

[ 2017-05-14T13:21:49+08:00 ] ::1 /index.php?c=Admin&a=loadreport&_dc=1494739308705&page=1&start=0&limit=30
INFO: [ app_init ] --START--
INFO: Run Behavior\BuildLiteBehavior [ RunTime:0.000000s ]
INFO: [ app_init ] --END-- [ RunTime:0.001000s ]
INFO: [ app_begin ] --START--
INFO: Run Behavior\ReadHtmlCacheBehavior [ RunTime:0.000000s ]
INFO: [ app_begin ] --END-- [ RunTime:0.001000s ]
NOTIC: [8] Use of undefined constant user_name - assumed 'user_name' E:\sunbandad\pc_enchanteur\App\Home\Controller\AdminController.class.php 第 12 行.
SQL: SHOW COLUMNS FROM `ws_report` [ RunTime:0.0430s ]
SQL: SELECT COUNT(*) AS tp_count FROM `ws_report` LIMIT 1   [ RunTime:0.0410s ]
SQL: SELECT * FROM `ws_report` ORDER BY datestr desc LIMIT 0,24   [ RunTime:0.0382s ]
INFO: [ app_end ] --START--
INFO: Run Behavior\ShowPageTraceBehavior [ RunTime:0.000000s ]
INFO: [ app_end ] --END-- [ RunTime:0.000000s ]

[ 2017-05-14T13:21:49+08:00 ] ::1 /index.php?c=Admin&a=loadreport&_dc=1494739309622&page=1&start=0&limit=30
INFO: [ app_init ] --START--
INFO: Run Behavior\BuildLiteBehavior [ RunTime:0.001000s ]
INFO: [ app_init ] --END-- [ RunTime:0.001000s ]
INFO: [ app_begin ] --START--
INFO: Run Behavior\ReadHtmlCacheBehavior [ RunTime:0.000000s ]
INFO: [ app_begin ] --END-- [ RunTime:0.000000s ]
NOTIC: [8] Use of undefined constant user_name - assumed 'user_name' E:\sunbandad\pc_enchanteur\App\Home\Controller\AdminController.class.php 第 12 行.
SQL: SHOW COLUMNS FROM `ws_report` [ RunTime:0.0420s ]
SQL: SELECT COUNT(*) AS tp_count FROM `ws_report` LIMIT 1   [ RunTime:0.0400s ]
SQL: SELECT * FROM `ws_report` ORDER BY datestr desc LIMIT 0,24   [ RunTime:0.0312s ]
INFO: [ app_end ] --START--
INFO: Run Behavior\ShowPageTraceBehavior [ RunTime:0.000000s ]
INFO: [ app_end ] --END-- [ RunTime:0.015600s ]

[ 2017-05-14T13:23:29+08:00 ] ::1 /index.php?c=Admin&a=loadreport&_dc=1494739409127&page=1&start=0&limit=30
INFO: [ app_init ] --START--
INFO: Run Behavior\BuildLiteBehavior [ RunTime:0.000000s ]
INFO: [ app_init ] --END-- [ RunTime:0.001000s ]
INFO: [ app_begin ] --START--
INFO: Run Behavior\ReadHtmlCacheBehavior [ RunTime:0.000000s ]
INFO: [ app_begin ] --END-- [ RunTime:0.001000s ]
NOTIC: [8] Use of undefined constant user_name - assumed 'user_name' E:\sunbandad\pc_enchanteur\App\Home\Controller\AdminController.class.php 第 12 行.
SQL: SHOW COLUMNS FROM `ws_report` [ RunTime:0.0332s ]
SQL: SELECT COUNT(*) AS tp_count FROM `ws_report` LIMIT 1   [ RunTime:0.0312s ]
SQL: SELECT * FROM `ws_report` ORDER BY datestr desc LIMIT 0,24   [ RunTime:0.0376s ]
INFO: [ app_end ] --START--
INFO: Run Behavior\ShowPageTraceBehavior [ RunTime:0.015600s ]
INFO: [ app_end ] --END-- [ RunTime:0.015600s ]

[ 2017-05-14T13:23:39+08:00 ] ::1 /index.php?c=Admin&a=report
INFO: [ app_init ] --START--
INFO: Run Behavior\BuildLiteBehavior [ RunTime:0.000000s ]
INFO: [ app_init ] --END-- [ RunTime:0.001000s ]

[ 2017-05-14T13:23:40+08:00 ] ::1 /index.php?c=Admin&a=loadreport&_dc=1494739420445&page=1&start=0&limit=30
INFO: [ app_init ] --START--
INFO: Run Behavior\BuildLiteBehavior [ RunTime:0.000000s ]
INFO: [ app_init ] --END-- [ RunTime:0.001000s ]
INFO: [ app_begin ] --START--
INFO: Run Behavior\ReadHtmlCacheBehavior [ RunTime:0.001000s ]
INFO: [ app_begin ] --END-- [ RunTime:0.001000s ]
NOTIC: [8] Use of undefined constant user_name - assumed 'user_name' E:\sunbandad\pc_enchanteur\App\Home\Controller\AdminController.class.php 第 12 行.
SQL: SHOW COLUMNS FROM `ws_report` [ RunTime:0.0468s ]
SQL: SELECT COUNT(*) AS tp_count FROM `ws_report` LIMIT 1   [ RunTime:0.0496s ]
SQL: SELECT * FROM `ws_report` ORDER BY datestr desc LIMIT 0,24   [ RunTime:0.0346s ]
INFO: [ app_end ] --START--
INFO: Run Behavior\ShowPageTraceBehavior [ RunTime:0.000000s ]
INFO: [ app_end ] --END-- [ RunTime:0.000000s ]

[ 2017-05-14T13:48:52+08:00 ] ::1 /index.php?c=Admin&a=report
INFO: [ app_init ] --START--
INFO: Run Behavior\BuildLiteBehavior [ RunTime:0.000000s ]
INFO: [ app_init ] --END-- [ RunTime:0.001000s ]

[ 2017-05-14T13:48:53+08:00 ] ::1 /index.php?c=Admin&a=loadreport&_dc=1494740933079&page=1&start=0&limit=30
INFO: [ app_init ] --START--
INFO: Run Behavior\BuildLiteBehavior [ RunTime:0.000000s ]
INFO: [ app_init ] --END-- [ RunTime:0.000000s ]
INFO: [ app_begin ] --START--
INFO: Run Behavior\ReadHtmlCacheBehavior [ RunTime:0.001000s ]
INFO: [ app_begin ] --END-- [ RunTime:0.001000s ]
NOTIC: [8] Use of undefined constant user_name - assumed 'user_name' E:\sunbandad\pc_enchanteur\App\Home\Controller\AdminController.class.php 第 12 行.
SQL: SHOW COLUMNS FROM `ws_report` [ RunTime:0.0380s ]
SQL: SELECT COUNT(*) AS tp_count FROM `ws_report` LIMIT 1   [ RunTime:0.0370s ]
SQL: SELECT * FROM `ws_report` ORDER BY datestr desc LIMIT 0,24   [ RunTime:0.0350s ]
INFO: [ app_end ] --START--
INFO: Run Behavior\ShowPageTraceBehavior [ RunTime:0.000000s ]
INFO: [ app_end ] --END-- [ RunTime:0.000000s ]

[ 2017-05-14T13:48:57+08:00 ] ::1 /index.php?c=Admin&a=loadreportdetail
INFO: [ app_init ] --START--
INFO: Run Behavior\BuildLiteBehavior [ RunTime:0.001000s ]
INFO: [ app_init ] --END-- [ RunTime:0.001000s ]
INFO: [ app_begin ] --START--
INFO: Run Behavior\ReadHtmlCacheBehavior [ RunTime:0.001000s ]
INFO: [ app_begin ] --END-- [ RunTime:0.001000s ]
NOTIC: [8] Use of undefined constant user_name - assumed 'user_name' E:\sunbandad\pc_enchanteur\App\Home\Controller\AdminController.class.php 第 12 行.
SQL: SHOW COLUMNS FROM `reportdetail` [ RunTime:0.0312s ]
SQL: SELECT * FROM `reportdetail` WHERE ( datestr='2017-05-14' ) ORDER BY code1 asc  [ RunTime:0.0312s ]
INFO: [ app_end ] --START--
INFO: Run Behavior\ShowPageTraceBehavior [ RunTime:0.015600s ]
INFO: [ app_end ] --END-- [ RunTime:0.015600s ]

[ 2017-05-14T13:48:58+08:00 ] ::1 /index.php?c=Admin&a=loadreportdetail
INFO: [ app_init ] --START--
INFO: Run Behavior\BuildLiteBehavior [ RunTime:0.000000s ]
INFO: [ app_init ] --END-- [ RunTime:0.001000s ]
INFO: [ app_begin ] --START--
INFO: Run Behavior\ReadHtmlCacheBehavior [ RunTime:0.001000s ]
INFO: [ app_begin ] --END-- [ RunTime:0.001000s ]
NOTIC: [8] Use of undefined constant user_name - assumed 'user_name' E:\sunbandad\pc_enchanteur\App\Home\Controller\AdminController.class.php 第 12 行.
SQL: SHOW COLUMNS FROM `reportdetail` [ RunTime:0.0468s ]
SQL: SELECT * FROM `reportdetail` WHERE ( datestr='2017-05-14' ) ORDER BY code1 asc  [ RunTime:0.0312s ]
INFO: [ app_end ] --START--
INFO: Run Behavior\ShowPageTraceBehavior [ RunTime:0.000000s ]
INFO: [ app_end ] --END-- [ RunTime:0.015600s ]

[ 2017-05-14T13:49:59+08:00 ] ::1 /index.php?c=Admin&a=report
INFO: [ app_init ] --START--
INFO: Run Behavior\BuildLiteBehavior [ RunTime:0.000000s ]
INFO: [ app_init ] --END-- [ RunTime:0.000000s ]

[ 2017-05-14T13:50:01+08:00 ] ::1 /index.php?c=Admin&a=loadreport&_dc=1494741000758&page=1&start=0&limit=30
INFO: [ app_init ] --START--
INFO: Run Behavior\BuildLiteBehavior [ RunTime:0.000000s ]
INFO: [ app_init ] --END-- [ RunTime:0.000000s ]
INFO: [ app_begin ] --START--
INFO: Run Behavior\ReadHtmlCacheBehavior [ RunTime:0.000000s ]
INFO: [ app_begin ] --END-- [ RunTime:0.001000s ]
NOTIC: [8] Use of undefined constant user_name - assumed 'user_name' E:\sunbandad\pc_enchanteur\App\Home\Controller\AdminController.class.php 第 12 行.
SQL: SHOW COLUMNS FROM `ws_report` [ RunTime:0.0468s ]
SQL: SELECT COUNT(*) AS tp_count FROM `ws_report` LIMIT 1   [ RunTime:0.0376s ]
SQL: SELECT * FROM `ws_report` ORDER BY datestr desc LIMIT 0,24   [ RunTime:0.0468s ]
INFO: [ app_end ] --START--
INFO: Run Behavior\ShowPageTraceBehavior [ RunTime:0.000000s ]
INFO: [ app_end ] --END-- [ RunTime:0.000000s ]

[ 2017-05-14T13:50:02+08:00 ] ::1 /index.php?c=Admin&a=loadreportdetail
INFO: [ app_init ] --START--
INFO: Run Behavior\BuildLiteBehavior [ RunTime:0.000000s ]
INFO: [ app_init ] --END-- [ RunTime:0.000000s ]
INFO: [ app_begin ] --START--
INFO: Run Behavior\ReadHtmlCacheBehavior [ RunTime:0.000000s ]
INFO: [ app_begin ] --END-- [ RunTime:0.000000s ]
NOTIC: [8] Use of undefined constant user_name - assumed 'user_name' E:\sunbandad\pc_enchanteur\App\Home\Controller\AdminController.class.php 第 12 行.
SQL: SHOW COLUMNS FROM `reportdetail` [ RunTime:0.0468s ]
SQL: SELECT * FROM `reportdetail` WHERE ( datestr='2017-05-14' ) ORDER BY code1 asc  [ RunTime:0.0312s ]
INFO: [ app_end ] --START--
INFO: Run Behavior\ShowPageTraceBehavior [ RunTime:0.015600s ]
INFO: [ app_end ] --END-- [ RunTime:0.015600s ]

[ 2017-05-14T13:54:47+08:00 ] ::1 /index.php?c=Admin&a=report
INFO: [ app_init ] --START--
INFO: Run Behavior\BuildLiteBehavior [ RunTime:0.000000s ]
INFO: [ app_init ] --END-- [ RunTime:0.001000s ]

[ 2017-05-14T13:54:48+08:00 ] ::1 /index.php?c=Admin&a=loadreport&_dc=1494741287928&page=1&start=0&limit=30
INFO: [ app_init ] --START--
INFO: Run Behavior\BuildLiteBehavior [ RunTime:0.000000s ]
INFO: [ app_init ] --END-- [ RunTime:0.001000s ]
INFO: [ app_begin ] --START--
INFO: Run Behavior\ReadHtmlCacheBehavior [ RunTime:0.000000s ]
INFO: [ app_begin ] --END-- [ RunTime:0.000000s ]
NOTIC: [8] Use of undefined constant user_name - assumed 'user_name' E:\sunbandad\pc_enchanteur\App\Home\Controller\AdminController.class.php 第 12 行.
SQL: SHOW COLUMNS FROM `ws_report` [ RunTime:0.0390s ]
SQL: SELECT COUNT(*) AS tp_count FROM `ws_report` LIMIT 1   [ RunTime:0.0380s ]
SQL: SELECT * FROM `ws_report` ORDER BY datestr desc LIMIT 0,24   [ RunTime:0.0390s ]
INFO: [ app_end ] --START--
INFO: Run Behavior\ShowPageTraceBehavior [ RunTime:0.002000s ]
INFO: [ app_end ] --END-- [ RunTime:0.002000s ]

[ 2017-05-14T13:54:50+08:00 ] ::1 /index.php?c=Admin&a=loadreportdetail
INFO: [ app_init ] --START--
INFO: Run Behavior\BuildLiteBehavior [ RunTime:0.000000s ]
INFO: [ app_init ] --END-- [ RunTime:0.000000s ]
INFO: [ app_begin ] --START--
INFO: Run Behavior\ReadHtmlCacheBehavior [ RunTime:0.000000s ]
INFO: [ app_begin ] --END-- [ RunTime:0.000000s ]
NOTIC: [8] Use of undefined constant user_name - assumed 'user_name' E:\sunbandad\pc_enchanteur\App\Home\Controller\AdminController.class.php 第 12 行.
SQL: SHOW COLUMNS FROM `reportdetail` [ RunTime:0.0312s ]
SQL: SELECT * FROM `reportdetail` WHERE ( datestr='2017-05-14' and code2='' ) ORDER BY code1 asc  [ RunTime:0.0468s ]
INFO: [ app_end ] --START--
INFO: Run Behavior\ShowPageTraceBehavior [ RunTime:0.000000s ]
INFO: [ app_end ] --END-- [ RunTime:0.000000s ]

[ 2017-05-14T13:54:57+08:00 ] ::1 /index.php?c=Admin&a=loadreportdetail
INFO: [ app_init ] --START--
INFO: Run Behavior\BuildLiteBehavior [ RunTime:0.000000s ]
INFO: [ app_init ] --END-- [ RunTime:0.000000s ]
INFO: [ app_begin ] --START--
INFO: Run Behavior\ReadHtmlCacheBehavior [ RunTime:0.000000s ]
INFO: [ app_begin ] --END-- [ RunTime:0.000000s ]
NOTIC: [8] Use of undefined constant user_name - assumed 'user_name' E:\sunbandad\pc_enchanteur\App\Home\Controller\AdminController.class.php 第 12 行.
SQL: SHOW COLUMNS FROM `reportdetail` [ RunTime:0.0312s ]
SQL: SELECT * FROM `reportdetail` WHERE ( datestr='2017-05-14' and code2='' ) ORDER BY code1 asc  [ RunTime:0.0468s ]
INFO: [ app_end ] --START--
INFO: Run Behavior\ShowPageTraceBehavior [ RunTime:0.000000s ]
INFO: [ app_end ] --END-- [ RunTime:0.000000s ]

[ 2017-05-14T13:55:45+08:00 ] ::1 /index.php?c=Admin&a=report
INFO: [ app_init ] --START--
INFO: Run Behavior\BuildLiteBehavior [ RunTime:0.000000s ]
INFO: [ app_init ] --END-- [ RunTime:0.001000s ]

[ 2017-05-14T13:55:46+08:00 ] ::1 /index.php?c=Admin&a=loadreport&_dc=1494741346334&page=1&start=0&limit=30
INFO: [ app_init ] --START--
INFO: Run Behavior\BuildLiteBehavior [ RunTime:0.000000s ]
INFO: [ app_init ] --END-- [ RunTime:0.000000s ]
INFO: [ app_begin ] --START--
INFO: Run Behavior\ReadHtmlCacheBehavior [ RunTime:0.001000s ]
INFO: [ app_begin ] --END-- [ RunTime:0.001000s ]
NOTIC: [8] session_start(): ps_files_cleanup_dir: opendir(C:\Windows\Temp) failed: No such file or directory (2) E:\sunbandad\pc_enchanteur\ThinkPHP\Common\functions.php 第 1263 行.
NOTIC: [8] Use of undefined constant user_name - assumed 'user_name' E:\sunbandad\pc_enchanteur\App\Home\Controller\AdminController.class.php 第 12 行.
SQL: SHOW COLUMNS FROM `ws_report` [ RunTime:0.0420s ]
SQL: SELECT COUNT(*) AS tp_count FROM `ws_report` LIMIT 1   [ RunTime:0.0410s ]
SQL: SELECT * FROM `ws_report` ORDER BY datestr desc LIMIT 0,24   [ RunTime:0.0420s ]
INFO: [ app_end ] --START--
INFO: Run Behavior\ShowPageTraceBehavior [ RunTime:0.002000s ]
INFO: [ app_end ] --END-- [ RunTime:0.002000s ]

[ 2017-05-14T13:55:48+08:00 ] ::1 /index.php?c=Admin&a=loadreportdetail
INFO: [ app_init ] --START--
INFO: Run Behavior\BuildLiteBehavior [ RunTime:0.000000s ]
INFO: [ app_init ] --END-- [ RunTime:0.001000s ]
INFO: [ app_begin ] --START--
INFO: Run Behavior\ReadHtmlCacheBehavior [ RunTime:0.001000s ]
INFO: [ app_begin ] --END-- [ RunTime:0.001000s ]
NOTIC: [8] Use of undefined constant user_name - assumed 'user_name' E:\sunbandad\pc_enchanteur\App\Home\Controller\AdminController.class.php 第 12 行.
SQL: SHOW COLUMNS FROM `reportdetail` [ RunTime:0.0380s ]
SQL: SELECT * FROM `reportdetail` WHERE ( datestr='2017-05-14' and code2='enchanteur_pc' ) ORDER BY code1 asc  [ RunTime:0.0390s ]
INFO: [ app_end ] --START--
INFO: Run Behavior\ShowPageTraceBehavior [ RunTime:0.001000s ]
INFO: [ app_end ] --END-- [ RunTime:0.002000s ]

[ 2017-05-14T13:56:39+08:00 ] ::1 /index.php?c=Admin&a=report
INFO: [ app_init ] --START--
INFO: Run Behavior\BuildLiteBehavior [ RunTime:0.000000s ]
INFO: [ app_init ] --END-- [ RunTime:0.000000s ]

[ 2017-05-14T13:56:40+08:00 ] ::1 /index.php?c=Admin&a=loadreport&_dc=1494741400091&page=1&start=0&limit=30
INFO: [ app_init ] --START--
INFO: Run Behavior\BuildLiteBehavior [ RunTime:0.000000s ]
INFO: [ app_init ] --END-- [ RunTime:0.001000s ]
INFO: [ app_begin ] --START--
INFO: Run Behavior\ReadHtmlCacheBehavior [ RunTime:0.000000s ]
INFO: [ app_begin ] --END-- [ RunTime:0.001000s ]
NOTIC: [8] Use of undefined constant user_name - assumed 'user_name' E:\sunbandad\pc_enchanteur\App\Home\Controller\AdminController.class.php 第 12 行.
SQL: SHOW COLUMNS FROM `ws_report` [ RunTime:0.0390s ]
SQL: SELECT COUNT(*) AS tp_count FROM `ws_report` LIMIT 1   [ RunTime:0.0380s ]
SQL: SELECT * FROM `ws_report` ORDER BY datestr desc LIMIT 0,24   [ RunTime:0.0400s ]
INFO: [ app_end ] --START--
INFO: Run Behavior\ShowPageTraceBehavior [ RunTime:0.002000s ]
INFO: [ app_end ] --END-- [ RunTime:0.002000s ]

[ 2017-05-14T13:56:41+08:00 ] ::1 /index.php?c=Admin&a=loadreportdetail
INFO: [ app_init ] --START--
INFO: Run Behavior\BuildLiteBehavior [ RunTime:0.000000s ]
INFO: [ app_init ] --END-- [ RunTime:0.000000s ]
INFO: [ app_begin ] --START--
INFO: Run Behavior\ReadHtmlCacheBehavior [ RunTime:0.000000s ]
INFO: [ app_begin ] --END-- [ RunTime:0.000000s ]
NOTIC: [8] Use of undefined constant user_name - assumed 'user_name' E:\sunbandad\pc_enchanteur\App\Home\Controller\AdminController.class.php 第 12 行.
SQL: SHOW COLUMNS FROM `reportdetail` [ RunTime:0.0468s ]
SQL: SELECT * FROM `reportdetail` WHERE ( datestr='2017-05-14' and code2='enchanteur_pc' ) ORDER BY code1 asc  [ RunTime:0.0312s ]
INFO: [ app_end ] --START--
INFO: Run Behavior\ShowPageTraceBehavior [ RunTime:0.000000s ]
INFO: [ app_end ] --END-- [ RunTime:0.015600s ]

[ 2017-05-14T13:57:14+08:00 ] ::1 /index.php?c=Admin&a=report
INFO: [ app_init ] --START--
INFO: Run Behavior\BuildLiteBehavior [ RunTime:0.000000s ]
INFO: [ app_init ] --END-- [ RunTime:0.001000s ]

[ 2017-05-14T13:57:15+08:00 ] ::1 /index.php?c=Admin&a=loadreport&_dc=1494741435225&page=1&start=0&limit=30
INFO: [ app_init ] --START--
INFO: Run Behavior\BuildLiteBehavior [ RunTime:0.000000s ]
INFO: [ app_init ] --END-- [ RunTime:0.000000s ]
INFO: [ app_begin ] --START--
INFO: Run Behavior\ReadHtmlCacheBehavior [ RunTime:0.001000s ]
INFO: [ app_begin ] --END-- [ RunTime:0.001000s ]
NOTIC: [8] Use of undefined constant user_name - assumed 'user_name' E:\sunbandad\pc_enchanteur\App\Home\Controller\AdminController.class.php 第 12 行.
SQL: SHOW COLUMNS FROM `ws_report` [ RunTime:0.0522s ]
SQL: SELECT COUNT(*) AS tp_count FROM `ws_report` LIMIT 1   [ RunTime:0.0312s ]
SQL: SELECT * FROM `ws_report` ORDER BY datestr desc LIMIT 0,24   [ RunTime:0.0578s ]
INFO: [ app_end ] --START--
INFO: Run Behavior\ShowPageTraceBehavior [ RunTime:0.002000s ]
INFO: [ app_end ] --END-- [ RunTime:0.002000s ]

[ 2017-05-14T13:57:16+08:00 ] ::1 /index.php?c=Admin&a=loadreportdetail
INFO: [ app_init ] --START--
INFO: Run Behavior\BuildLiteBehavior [ RunTime:0.000000s ]
INFO: [ app_init ] --END-- [ RunTime:0.000000s ]
INFO: [ app_begin ] --START--
INFO: Run Behavior\ReadHtmlCacheBehavior [ RunTime:0.000000s ]
INFO: [ app_begin ] --END-- [ RunTime:0.000000s ]
NOTIC: [8] Use of undefined constant user_name - assumed 'user_name' E:\sunbandad\pc_enchanteur\App\Home\Controller\AdminController.class.php 第 12 行.
SQL: SHOW COLUMNS FROM `reportdetail` [ RunTime:0.0468s ]
SQL: SELECT * FROM `reportdetail` WHERE ( datestr='2017-05-14' and code2='enchanteur_pc' ) ORDER BY code1 asc  [ RunTime:0.0312s ]
INFO: [ app_end ] --START--
INFO: Run Behavior\ShowPageTraceBehavior [ RunTime:0.015600s ]
INFO: [ app_end ] --END-- [ RunTime:0.015600s ]

[ 2017-05-14T13:57:39+08:00 ] ::1 /index.php?c=Admin&a=report
INFO: [ app_init ] --START--
INFO: Run Behavior\BuildLiteBehavior [ RunTime:0.000000s ]
INFO: [ app_init ] --END-- [ RunTime:0.000000s ]

[ 2017-05-14T13:57:40+08:00 ] ::1 /index.php?c=Admin&a=loadreport&_dc=1494741460645&page=1&start=0&limit=30
INFO: [ app_init ] --START--
INFO: Run Behavior\BuildLiteBehavior [ RunTime:0.001000s ]
INFO: [ app_init ] --END-- [ RunTime:0.001000s ]
INFO: [ app_begin ] --START--
INFO: Run Behavior\ReadHtmlCacheBehavior [ RunTime:0.001000s ]
INFO: [ app_begin ] --END-- [ RunTime:0.001000s ]
NOTIC: [8] Use of undefined constant user_name - assumed 'user_name' E:\sunbandad\pc_enchanteur\App\Home\Controller\AdminController.class.php 第 12 行.
SQL: SHOW COLUMNS FROM `ws_report` [ RunTime:0.0532s ]
SQL: SELECT COUNT(*) AS tp_count FROM `ws_report` LIMIT 1   [ RunTime:0.0312s ]
SQL: SELECT * FROM `ws_report` ORDER BY datestr desc LIMIT 0,24   [ RunTime:0.0502s ]
INFO: [ app_end ] --START--
INFO: Run Behavior\ShowPageTraceBehavior [ RunTime:0.002000s ]
INFO: [ app_end ] --END-- [ RunTime:0.003000s ]

[ 2017-05-14T13:57:42+08:00 ] ::1 /index.php?c=Admin&a=loadreportdetail
INFO: [ app_init ] --START--
INFO: Run Behavior\BuildLiteBehavior [ RunTime:0.000000s ]
INFO: [ app_init ] --END-- [ RunTime:0.015600s ]
INFO: [ app_begin ] --START--
INFO: Run Behavior\ReadHtmlCacheBehavior [ RunTime:0.001000s ]
INFO: [ app_begin ] --END-- [ RunTime:0.001000s ]
NOTIC: [8] Use of undefined constant user_name - assumed 'user_name' E:\sunbandad\pc_enchanteur\App\Home\Controller\AdminController.class.php 第 12 行.
SQL: SHOW COLUMNS FROM `reportdetail` [ RunTime:0.0312s ]
SQL: SELECT * FROM `reportdetail` WHERE ( datestr='2017-05-14' and code2='enchanteur_pc' ) ORDER BY code1 asc  [ RunTime:0.0468s ]
INFO: [ app_end ] --START--
INFO: Run Behavior\ShowPageTraceBehavior [ RunTime:0.000000s ]
INFO: [ app_end ] --END-- [ RunTime:0.000000s ]

[ 2017-05-14T13:57:55+08:00 ] ::1 /index.php?c=Admin&a=loadreportdetail
INFO: [ app_init ] --START--
INFO: Run Behavior\BuildLiteBehavior [ RunTime:0.000000s ]
INFO: [ app_init ] --END-- [ RunTime:0.000000s ]
INFO: [ app_begin ] --START--
INFO: Run Behavior\ReadHtmlCacheBehavior [ RunTime:0.000000s ]
INFO: [ app_begin ] --END-- [ RunTime:0.000000s ]
NOTIC: [8] Use of undefined constant user_name - assumed 'user_name' E:\sunbandad\pc_enchanteur\App\Home\Controller\AdminController.class.php 第 12 行.
SQL: SHOW COLUMNS FROM `reportdetail` [ RunTime:0.0468s ]
SQL: SELECT * FROM `reportdetail` WHERE ( datestr='2017-05-14' and code2='enchanteur_m' ) ORDER BY code1 asc  [ RunTime:0.0468s ]
INFO: [ app_end ] --START--
INFO: Run Behavior\ShowPageTraceBehavior [ RunTime:0.000000s ]
INFO: [ app_end ] --END-- [ RunTime:0.000000s ]

[ 2017-05-14T13:58:20+08:00 ] ::1 /index.php?c=Admin&a=report
INFO: [ app_init ] --START--
INFO: Run Behavior\BuildLiteBehavior [ RunTime:0.000000s ]
INFO: [ app_init ] --END-- [ RunTime:0.000000s ]

[ 2017-05-14T13:58:21+08:00 ] ::1 /index.php?c=Admin&a=loadreport&_dc=1494741500786&page=1&start=0&limit=30
INFO: [ app_init ] --START--
INFO: Run Behavior\BuildLiteBehavior [ RunTime:0.000000s ]
INFO: [ app_init ] --END-- [ RunTime:0.001000s ]
INFO: [ app_begin ] --START--
INFO: Run Behavior\ReadHtmlCacheBehavior [ RunTime:0.000000s ]
INFO: [ app_begin ] --END-- [ RunTime:0.001000s ]
NOTIC: [8] Use of undefined constant user_name - assumed 'user_name' E:\sunbandad\pc_enchanteur\App\Home\Controller\AdminController.class.php 第 12 行.
SQL: SHOW COLUMNS FROM `ws_report` [ RunTime:0.0352s ]
SQL: SELECT COUNT(*) AS tp_count FROM `ws_report` LIMIT 1   [ RunTime:0.0432s ]
SQL: SELECT * FROM `ws_report` ORDER BY datestr desc LIMIT 0,24   [ RunTime:0.0390s ]
INFO: [ app_end ] --START--
INFO: Run Behavior\ShowPageTraceBehavior [ RunTime:0.000000s ]
INFO: [ app_end ] --END-- [ RunTime:0.001000s ]

[ 2017-05-14T13:58:22+08:00 ] ::1 /index.php?c=Admin&a=report
INFO: [ app_init ] --START--
INFO: Run Behavior\BuildLiteBehavior [ RunTime:0.000000s ]
INFO: [ app_init ] --END-- [ RunTime:0.001001s ]

[ 2017-05-14T13:58:23+08:00 ] ::1 /index.php?c=Admin&a=loadreport&_dc=1494741503570&page=1&start=0&limit=30
INFO: [ app_init ] --START--
INFO: Run Behavior\BuildLiteBehavior [ RunTime:0.001000s ]
INFO: [ app_init ] --END-- [ RunTime:0.001000s ]
INFO: [ app_begin ] --START--
INFO: Run Behavior\ReadHtmlCacheBehavior [ RunTime:0.000000s ]
INFO: [ app_begin ] --END-- [ RunTime:0.001001s ]
NOTIC: [8] Use of undefined constant user_name - assumed 'user_name' E:\sunbandad\pc_enchanteur\App\Home\Controller\AdminController.class.php 第 12 行.
SQL: SHOW COLUMNS FROM `ws_report` [ RunTime:0.0266s ]
SQL: SELECT COUNT(*) AS tp_count FROM `ws_report` LIMIT 1   [ RunTime:0.0406s ]
SQL: SELECT * FROM `ws_report` ORDER BY datestr desc LIMIT 0,24   [ RunTime:0.0270s ]
INFO: [ app_end ] --START--
INFO: Run Behavior\ShowPageTraceBehavior [ RunTime:0.000000s ]
INFO: [ app_end ] --END-- [ RunTime:0.000000s ]

[ 2017-05-14T13:58:33+08:00 ] ::1 /index.php?c=Admin&a=loadreportdetail
INFO: [ app_init ] --START--
INFO: Run Behavior\BuildLiteBehavior [ RunTime:0.000000s ]
INFO: [ app_init ] --END-- [ RunTime:0.000000s ]
INFO: [ app_begin ] --START--
INFO: Run Behavior\ReadHtmlCacheBehavior [ RunTime:0.000000s ]
INFO: [ app_begin ] --END-- [ RunTime:0.000000s ]
NOTIC: [8] Use of undefined constant user_name - assumed 'user_name' E:\sunbandad\pc_enchanteur\App\Home\Controller\AdminController.class.php 第 12 行.
SQL: SHOW COLUMNS FROM `reportdetail` [ RunTime:0.0468s ]
SQL: SELECT * FROM `reportdetail` WHERE ( datestr='2017-05-14' and code2='enchanteur_pc' ) ORDER BY code1 asc  [ RunTime:0.0468s ]
INFO: [ app_end ] --START--
INFO: Run Behavior\ShowPageTraceBehavior [ RunTime:0.000000s ]
INFO: [ app_end ] --END-- [ RunTime:0.000000s ]

[ 2017-05-14T13:58:48+08:00 ] ::1 /index.php?c=Admin&a=report
INFO: [ app_init ] --START--
INFO: Run Behavior\BuildLiteBehavior [ RunTime:0.000000s ]
INFO: [ app_init ] --END-- [ RunTime:0.000000s ]

[ 2017-05-14T13:58:49+08:00 ] ::1 /index.php?c=Admin&a=loadreport&_dc=1494741529277&page=1&start=0&limit=30
INFO: [ app_init ] --START--
INFO: Run Behavior\BuildLiteBehavior [ RunTime:0.000000s ]
INFO: [ app_init ] --END-- [ RunTime:0.000000s ]
INFO: [ app_begin ] --START--
INFO: Run Behavior\ReadHtmlCacheBehavior [ RunTime:0.001000s ]
INFO: [ app_begin ] --END-- [ RunTime:0.001000s ]
NOTIC: [8] Use of undefined constant user_name - assumed 'user_name' E:\sunbandad\pc_enchanteur\App\Home\Controller\AdminController.class.php 第 12 行.
SQL: SHOW COLUMNS FROM `ws_report` [ RunTime:0.0386s ]
SQL: SELECT COUNT(*) AS tp_count FROM `ws_report` LIMIT 1   [ RunTime:0.0312s ]
SQL: SELECT * FROM `ws_report` ORDER BY datestr desc LIMIT 0,24   [ RunTime:0.0482s ]
INFO: [ app_end ] --START--
INFO: Run Behavior\ShowPageTraceBehavior [ RunTime:0.002000s ]
INFO: [ app_end ] --END-- [ RunTime:0.002000s ]

[ 2017-05-14T13:58:50+08:00 ] ::1 /index.php?c=Admin&a=loadreportdetail
INFO: [ app_init ] --START--
INFO: Run Behavior\BuildLiteBehavior [ RunTime:0.000000s ]
INFO: [ app_init ] --END-- [ RunTime:0.000000s ]
INFO: [ app_begin ] --START--
INFO: Run Behavior\ReadHtmlCacheBehavior [ RunTime:0.000000s ]
INFO: [ app_begin ] --END-- [ RunTime:0.000000s ]
NOTIC: [8] Use of undefined constant user_name - assumed 'user_name' E:\sunbandad\pc_enchanteur\App\Home\Controller\AdminController.class.php 第 12 行.
SQL: SHOW COLUMNS FROM `reportdetail` [ RunTime:0.0468s ]
SQL: SELECT * FROM `reportdetail` WHERE ( datestr='2017-05-14' and code2='enchanteur_pc' ) ORDER BY code1 asc  [ RunTime:0.0468s ]
INFO: [ app_end ] --START--
INFO: Run Behavior\ShowPageTraceBehavior [ RunTime:0.000000s ]
INFO: [ app_end ] --END-- [ RunTime:0.000000s ]

[ 2017-05-14T13:59:24+08:00 ] ::1 /index.php?c=Admin&a=report
INFO: [ app_init ] --START--
INFO: Run Behavior\BuildLiteBehavior [ RunTime:0.000000s ]
INFO: [ app_init ] --END-- [ RunTime:0.000000s ]

[ 2017-05-14T13:59:25+08:00 ] ::1 /index.php?c=Admin&a=loadreport&_dc=1494741564995&page=1&start=0&limit=30
INFO: [ app_init ] --START--
INFO: Run Behavior\BuildLiteBehavior [ RunTime:0.000000s ]
INFO: [ app_init ] --END-- [ RunTime:0.000000s ]
INFO: [ app_begin ] --START--
INFO: Run Behavior\ReadHtmlCacheBehavior [ RunTime:0.001000s ]
INFO: [ app_begin ] --END-- [ RunTime:0.001000s ]
NOTIC: [8] Use of undefined constant user_name - assumed 'user_name' E:\sunbandad\pc_enchanteur\App\Home\Controller\AdminController.class.php 第 12 行.
SQL: SHOW COLUMNS FROM `ws_report` [ RunTime:0.0468s ]
SQL: SELECT COUNT(*) AS tp_count FROM `ws_report` LIMIT 1   [ RunTime:0.0506s ]
SQL: SELECT * FROM `ws_report` ORDER BY datestr desc LIMIT 0,24   [ RunTime:0.0312s ]
INFO: [ app_end ] --START--
INFO: Run Behavior\ShowPageTraceBehavior [ RunTime:0.000000s ]
INFO: [ app_end ] --END-- [ RunTime:0.000000s ]

[ 2017-05-14T13:59:26+08:00 ] ::1 /index.php?c=Admin&a=loadreportdetail
INFO: [ app_init ] --START--
INFO: Run Behavior\BuildLiteBehavior [ RunTime:0.000000s ]
INFO: [ app_init ] --END-- [ RunTime:0.000000s ]
INFO: [ app_begin ] --START--
INFO: Run Behavior\ReadHtmlCacheBehavior [ RunTime:0.000000s ]
INFO: [ app_begin ] --END-- [ RunTime:0.000000s ]
NOTIC: [8] Use of undefined constant user_name - assumed 'user_name' E:\sunbandad\pc_enchanteur\App\Home\Controller\AdminController.class.php 第 12 行.
SQL: SHOW COLUMNS FROM `reportdetail` [ RunTime:0.0430s ]
SQL: SELECT * FROM `reportdetail` WHERE ( datestr='2017-05-14' and code2='enchanteur_pc' ) ORDER BY code1 asc  [ RunTime:0.0420s ]
INFO: [ app_end ] --START--
INFO: Run Behavior\ShowPageTraceBehavior [ RunTime:0.001000s ]
INFO: [ app_end ] --END-- [ RunTime:0.001000s ]

[ 2017-05-14T13:59:44+08:00 ] ::1 /index.php?c=Admin&a=wapnspcenter
INFO: [ app_init ] --START--
INFO: Run Behavior\BuildLiteBehavior [ RunTime:0.000000s ]
INFO: [ app_init ] --END-- [ RunTime:0.001000s ]

[ 2017-05-14T13:59:45+08:00 ] ::1 /index.php?c=Admin&a=loadwapnsp
INFO: [ app_init ] --START--
INFO: Run Behavior\BuildLiteBehavior [ RunTime:0.000000s ]
INFO: [ app_init ] --END-- [ RunTime:0.001000s ]
INFO: [ app_begin ] --START--
INFO: Run Behavior\ReadHtmlCacheBehavior [ RunTime:0.001000s ]
INFO: [ app_begin ] --END-- [ RunTime:0.001000s ]
NOTIC: [8] Use of undefined constant user_name - assumed 'user_name' E:\sunbandad\pc_enchanteur\App\Home\Controller\AdminController.class.php 第 12 行.
SQL: SHOW COLUMNS FROM `nspcenter` [ RunTime:0.0624s ]
SQL: SELECT * FROM `nspcenter` WHERE ( type="wap" ) LIMIT 1   [ RunTime:0.0312s ]
INFO: [ app_end ] --START--
INFO: Run Behavior\ShowPageTraceBehavior [ RunTime:0.015600s ]
INFO: [ app_end ] --END-- [ RunTime:0.015600s ]

[ 2017-05-14T13:59:46+08:00 ] ::1 /index.php?c=Admin&a=webconfig
INFO: [ app_init ] --START--
INFO: Run Behavior\BuildLiteBehavior [ RunTime:0.000000s ]
INFO: [ app_init ] --END-- [ RunTime:0.000000s ]

[ 2017-05-14T13:59:46+08:00 ] ::1 /index.php?c=Admin&a=report
INFO: [ app_init ] --START--
INFO: Run Behavior\BuildLiteBehavior [ RunTime:0.000000s ]
INFO: [ app_init ] --END-- [ RunTime:0.001000s ]

[ 2017-05-14T13:59:47+08:00 ] ::1 /index.php?c=Admin&a=loadreport&_dc=1494741587412&page=1&start=0&limit=30
INFO: [ app_init ] --START--
INFO: Run Behavior\BuildLiteBehavior [ RunTime:0.001000s ]
INFO: [ app_init ] --END-- [ RunTime:0.001000s ]
INFO: [ app_begin ] --START--
INFO: Run Behavior\ReadHtmlCacheBehavior [ RunTime:0.001000s ]
INFO: [ app_begin ] --END-- [ RunTime:0.002000s ]
NOTIC: [8] Use of undefined constant user_name - assumed 'user_name' E:\sunbandad\pc_enchanteur\App\Home\Controller\AdminController.class.php 第 12 行.
SQL: SHOW COLUMNS FROM `ws_report` [ RunTime:0.0322s ]
SQL: SELECT COUNT(*) AS tp_count FROM `ws_report` LIMIT 1   [ RunTime:0.0332s ]
SQL: SELECT * FROM `ws_report` ORDER BY datestr desc LIMIT 0,24   [ RunTime:0.0496s ]
INFO: [ app_end ] --START--
INFO: Run Behavior\ShowPageTraceBehavior [ RunTime:0.001000s ]
INFO: [ app_end ] --END-- [ RunTime:0.001000s ]

[ 2017-05-14T13:59:48+08:00 ] ::1 /index.php?c=Admin&a=loadreportdetail
INFO: [ app_init ] --START--
INFO: Run Behavior\BuildLiteBehavior [ RunTime:0.000000s ]
INFO: [ app_init ] --END-- [ RunTime:0.000000s ]
INFO: [ app_begin ] --START--
INFO: Run Behavior\ReadHtmlCacheBehavior [ RunTime:0.000000s ]
INFO: [ app_begin ] --END-- [ RunTime:0.000000s ]
NOTIC: [8] Use of undefined constant user_name - assumed 'user_name' E:\sunbandad\pc_enchanteur\App\Home\Controller\AdminController.class.php 第 12 行.
SQL: SHOW COLUMNS FROM `reportdetail` [ RunTime:0.0312s ]
SQL: SELECT * FROM `reportdetail` WHERE ( datestr='2017-05-14' and code2='enchanteur_pc' ) ORDER BY code1 asc  [ RunTime:0.0312s ]
INFO: [ app_end ] --START--
INFO: Run Behavior\ShowPageTraceBehavior [ RunTime:0.015600s ]
INFO: [ app_end ] --END-- [ RunTime:0.015600s ]

[ 2017-05-14T14:00:37+08:00 ] ::1 /index.php?c=Admin&a=loadreportdetail
INFO: [ app_init ] --START--
INFO: Run Behavior\BuildLiteBehavior [ RunTime:0.000000s ]
INFO: [ app_init ] --END-- [ RunTime:0.000000s ]
INFO: [ app_begin ] --START--
INFO: Run Behavior\ReadHtmlCacheBehavior [ RunTime:0.000000s ]
INFO: [ app_begin ] --END-- [ RunTime:0.015600s ]
NOTIC: [8] Use of undefined constant user_name - assumed 'user_name' E:\sunbandad\pc_enchanteur\App\Home\Controller\AdminController.class.php 第 12 行.
SQL: SHOW COLUMNS FROM `reportdetail` [ RunTime:0.0486s ]
SQL: SELECT * FROM `reportdetail` WHERE ( datestr='2017-05-14' and code2='enchanteur_m' ) ORDER BY code1 asc  [ RunTime:0.0390s ]
INFO: [ app_end ] --START--
INFO: Run Behavior\ShowPageTraceBehavior [ RunTime:0.001000s ]
INFO: [ app_end ] --END-- [ RunTime:0.001000s ]

[ 2017-05-14T14:01:05+08:00 ] ::1 /index.php?c=Admin&a=report
INFO: [ app_init ] --START--
INFO: Run Behavior\BuildLiteBehavior [ RunTime:0.000000s ]
INFO: [ app_init ] --END-- [ RunTime:0.000000s ]

[ 2017-05-14T14:01:06+08:00 ] ::1 /index.php?c=Admin&a=loadreport&_dc=1494741666194&page=1&start=0&limit=30
INFO: [ app_init ] --START--
INFO: Run Behavior\BuildLiteBehavior [ RunTime:0.000000s ]
INFO: [ app_init ] --END-- [ RunTime:0.001000s ]
INFO: [ app_begin ] --START--
INFO: Run Behavior\ReadHtmlCacheBehavior [ RunTime:0.000000s ]
INFO: [ app_begin ] --END-- [ RunTime:0.001000s ]
NOTIC: [8] Use of undefined constant user_name - assumed 'user_name' E:\sunbandad\pc_enchanteur\App\Home\Controller\AdminController.class.php 第 12 行.
SQL: SHOW COLUMNS FROM `ws_report` [ RunTime:0.0306s ]
SQL: SELECT COUNT(*) AS tp_count FROM `ws_report` LIMIT 1   [ RunTime:0.0468s ]
SQL: SELECT * FROM `ws_report` ORDER BY datestr desc LIMIT 0,24   [ RunTime:0.0376s ]
INFO: [ app_end ] --START--
INFO: Run Behavior\ShowPageTraceBehavior [ RunTime:0.000000s ]
INFO: [ app_end ] --END-- [ RunTime:0.000000s ]

[ 2017-05-14T14:01:07+08:00 ] ::1 /index.php?c=Admin&a=loadreportdetail
INFO: [ app_init ] --START--
INFO: Run Behavior\BuildLiteBehavior [ RunTime:0.000000s ]
INFO: [ app_init ] --END-- [ RunTime:0.000000s ]
INFO: [ app_begin ] --START--
INFO: Run Behavior\ReadHtmlCacheBehavior [ RunTime:0.000000s ]
INFO: [ app_begin ] --END-- [ RunTime:0.000000s ]
NOTIC: [8] Use of undefined constant user_name - assumed 'user_name' E:\sunbandad\pc_enchanteur\App\Home\Controller\AdminController.class.php 第 12 行.
SQL: SHOW COLUMNS FROM `reportdetail` [ RunTime:0.0400s ]
SQL: SELECT * FROM `reportdetail` WHERE ( datestr='2017-05-14' and code2='enchanteur_pc' ) ORDER BY times desc  [ RunTime:0.0410s ]
INFO: [ app_end ] --START--
INFO: Run Behavior\ShowPageTraceBehavior [ RunTime:0.001000s ]
INFO: [ app_end ] --END-- [ RunTime:0.002000s ]

[ 2017-05-14T14:01:18+08:00 ] ::1 /index.php?c=Admin&a=loadreportdetail
INFO: [ app_init ] --START--
INFO: Run Behavior\BuildLiteBehavior [ RunTime:0.000000s ]
INFO: [ app_init ] --END-- [ RunTime:0.000000s ]
INFO: [ app_begin ] --START--
INFO: Run Behavior\ReadHtmlCacheBehavior [ RunTime:0.000000s ]
INFO: [ app_begin ] --END-- [ RunTime:0.000000s ]
NOTIC: [8] Use of undefined constant user_name - assumed 'user_name' E:\sunbandad\pc_enchanteur\App\Home\Controller\AdminController.class.php 第 12 行.
SQL: SHOW COLUMNS FROM `reportdetail` [ RunTime:0.0312s ]
SQL: SELECT * FROM `reportdetail` WHERE ( datestr='2017-05-14' and code2='enchanteur_m' ) ORDER BY times desc  [ RunTime:0.0426s ]
INFO: [ app_end ] --START--
INFO: Run Behavior\ShowPageTraceBehavior [ RunTime:0.002000s ]
INFO: [ app_end ] --END-- [ RunTime:0.002000s ]

[ 2017-05-14T14:01:28+08:00 ] ::1 /index.php?c=Admin&a=loadreport&_dc=1494741688156&page=2&start=30&limit=30
INFO: [ app_init ] --START--
INFO: Run Behavior\BuildLiteBehavior [ RunTime:0.000000s ]
INFO: [ app_init ] --END-- [ RunTime:0.000000s ]
INFO: [ app_begin ] --START--
INFO: Run Behavior\ReadHtmlCacheBehavior [ RunTime:0.000000s ]
INFO: [ app_begin ] --END-- [ RunTime:0.000000s ]
NOTIC: [8] Use of undefined constant user_name - assumed 'user_name' E:\sunbandad\pc_enchanteur\App\Home\Controller\AdminController.class.php 第 12 行.
SQL: SHOW COLUMNS FROM `ws_report` [ RunTime:0.0390s ]
SQL: SELECT COUNT(*) AS tp_count FROM `ws_report` LIMIT 1   [ RunTime:0.0380s ]
SQL: SELECT * FROM `ws_report` ORDER BY datestr desc LIMIT 24,24   [ RunTime:0.0270s ]
INFO: [ app_end ] --START--
INFO: Run Behavior\ShowPageTraceBehavior [ RunTime:0.000000s ]
INFO: [ app_end ] --END-- [ RunTime:0.015600s ]

[ 2017-05-14T14:01:30+08:00 ] ::1 /index.php?c=Admin&a=loadreport&_dc=1494741689968&page=1&start=0&limit=30
INFO: [ app_init ] --START--
INFO: Run Behavior\BuildLiteBehavior [ RunTime:0.000000s ]
INFO: [ app_init ] --END-- [ RunTime:0.000000s ]
INFO: [ app_begin ] --START--
INFO: Run Behavior\ReadHtmlCacheBehavior [ RunTime:0.001000s ]
INFO: [ app_begin ] --END-- [ RunTime:0.001000s ]
NOTIC: [8] Use of undefined constant user_name - assumed 'user_name' E:\sunbandad\pc_enchanteur\App\Home\Controller\AdminController.class.php 第 12 行.
SQL: SHOW COLUMNS FROM `ws_report` [ RunTime:0.0376s ]
SQL: SELECT COUNT(*) AS tp_count FROM `ws_report` LIMIT 1   [ RunTime:0.0468s ]
SQL: SELECT * FROM `ws_report` ORDER BY datestr desc LIMIT 0,24   [ RunTime:0.0462s ]
INFO: [ app_end ] --START--
INFO: Run Behavior\ShowPageTraceBehavior [ RunTime:0.002000s ]
INFO: [ app_end ] --END-- [ RunTime:0.002000s ]

[ 2017-05-14T14:02:28+08:00 ] ::1 /index.php?c=Admin&a=loadreportdetail
INFO: [ app_init ] --START--
INFO: Run Behavior\BuildLiteBehavior [ RunTime:0.000000s ]
INFO: [ app_init ] --END-- [ RunTime:0.000000s ]
INFO: [ app_begin ] --START--
INFO: Run Behavior\ReadHtmlCacheBehavior [ RunTime:0.000000s ]
INFO: [ app_begin ] --END-- [ RunTime:0.000000s ]
NOTIC: [8] Use of undefined constant user_name - assumed 'user_name' E:\sunbandad\pc_enchanteur\App\Home\Controller\AdminController.class.php 第 12 行.
SQL: SHOW COLUMNS FROM `reportdetail` [ RunTime:0.0312s ]
SQL: SELECT * FROM `reportdetail` WHERE ( datestr='2017-05-13' and code2='enchanteur_pc' ) ORDER BY times desc  [ RunTime:0.0468s ]
INFO: [ app_end ] --START--
INFO: Run Behavior\ShowPageTraceBehavior [ RunTime:0.000000s ]
INFO: [ app_end ] --END-- [ RunTime:0.000000s ]

[ 2017-05-14T14:02:31+08:00 ] ::1 /index.php?c=Admin&a=loadreportdetail
INFO: [ app_init ] --START--
INFO: Run Behavior\BuildLiteBehavior [ RunTime:0.000000s ]
INFO: [ app_init ] --END-- [ RunTime:0.000000s ]
INFO: [ app_begin ] --START--
INFO: Run Behavior\ReadHtmlCacheBehavior [ RunTime:0.015600s ]
INFO: [ app_begin ] --END-- [ RunTime:0.015600s ]
NOTIC: [8] Use of undefined constant user_name - assumed 'user_name' E:\sunbandad\pc_enchanteur\App\Home\Controller\AdminController.class.php 第 12 行.
SQL: SHOW COLUMNS FROM `reportdetail` [ RunTime:0.0312s ]
SQL: SELECT * FROM `reportdetail` WHERE ( datestr='2017-05-13' and code2='enchanteur_m' ) ORDER BY times desc  [ RunTime:0.0312s ]
INFO: [ app_end ] --START--
INFO: Run Behavior\ShowPageTraceBehavior [ RunTime:0.000000s ]
INFO: [ app_end ] --END-- [ RunTime:0.000000s ]

[ 2017-05-14T14:19:07+08:00 ] ::1 /index.php?c=Admin&a=report
INFO: [ app_init ] --START--
INFO: Run Behavior\BuildLiteBehavior [ RunTime:0.000000s ]
INFO: [ app_init ] --END-- [ RunTime:0.001000s ]

[ 2017-05-14T14:19:08+08:00 ] ::1 /index.php?c=Admin&a=loadreport&_dc=1494742748645&page=1&start=0&limit=30
INFO: [ app_init ] --START--
INFO: Run Behavior\BuildLiteBehavior [ RunTime:0.000000s ]
INFO: [ app_init ] --END-- [ RunTime:0.000000s ]
INFO: [ app_begin ] --START--
INFO: Run Behavior\ReadHtmlCacheBehavior [ RunTime:0.001000s ]
INFO: [ app_begin ] --END-- [ RunTime:0.001000s ]
NOTIC: [8] Use of undefined constant user_name - assumed 'user_name' E:\sunbandad\pc_enchanteur\App\Home\Controller\AdminController.class.php 第 12 行.
SQL: SHOW COLUMNS FROM `ws_report` [ RunTime:0.0478s ]
SQL: SELECT COUNT(*) AS tp_count FROM `ws_report` LIMIT 1   [ RunTime:0.0400s ]
SQL: SELECT * FROM `ws_report` ORDER BY datestr desc LIMIT 0,24   [ RunTime:0.0392s ]
INFO: [ app_end ] --START--
INFO: Run Behavior\ShowPageTraceBehavior [ RunTime:0.000000s ]
INFO: [ app_end ] --END-- [ RunTime:0.000000s ]

[ 2017-05-14T14:19:33+08:00 ] ::1 /index.php?c=Admin&a=report
INFO: [ app_init ] --START--
INFO: Run Behavior\BuildLiteBehavior [ RunTime:0.000000s ]
INFO: [ app_init ] --END-- [ RunTime:0.000000s ]

[ 2017-05-14T14:19:34+08:00 ] ::1 /index.php?c=Admin&a=loadreport&_dc=1494742774100&page=1&start=0&limit=30
INFO: [ app_init ] --START--
INFO: Run Behavior\BuildLiteBehavior [ RunTime:0.000000s ]
INFO: [ app_init ] --END-- [ RunTime:0.001000s ]
INFO: [ app_begin ] --START--
INFO: Run Behavior\ReadHtmlCacheBehavior [ RunTime:0.001000s ]
INFO: [ app_begin ] --END-- [ RunTime:0.001000s ]
NOTIC: [8] Use of undefined constant user_name - assumed 'user_name' E:\sunbandad\pc_enchanteur\App\Home\Controller\AdminController.class.php 第 12 行.
SQL: SHOW COLUMNS FROM `ws_report` [ RunTime:0.0366s ]
SQL: SELECT COUNT(*) AS tp_count FROM `ws_report` LIMIT 1   [ RunTime:0.0312s ]
SQL: SELECT * FROM `ws_report` ORDER BY datestr desc LIMIT 0,24   [ RunTime:0.0508s ]
INFO: [ app_end ] --START--
INFO: Run Behavior\ShowPageTraceBehavior [ RunTime:0.002001s ]
INFO: [ app_end ] --END-- [ RunTime:0.002001s ]

[ 2017-05-14T14:19:35+08:00 ] ::1 /index.php?c=Admin&a=loadreportdetail
INFO: [ app_init ] --START--
INFO: Run Behavior\BuildLiteBehavior [ RunTime:0.000000s ]
INFO: [ app_init ] --END-- [ RunTime:0.000000s ]
INFO: [ app_begin ] --START--
INFO: Run Behavior\ReadHtmlCacheBehavior [ RunTime:0.000000s ]
INFO: [ app_begin ] --END-- [ RunTime:0.000000s ]
NOTIC: [8] Use of undefined constant user_name - assumed 'user_name' E:\sunbandad\pc_enchanteur\App\Home\Controller\AdminController.class.php 第 12 行.
SQL: SHOW COLUMNS FROM `reportdetail` [ RunTime:0.0400s ]
SQL: SELECT * FROM `reportdetail` WHERE ( datestr='2017-05-14' and code2='enchanteur_m' ) ORDER BY times desc  [ RunTime:0.0410s ]
INFO: [ app_end ] --START--
INFO: Run Behavior\ShowPageTraceBehavior [ RunTime:0.002000s ]
INFO: [ app_end ] --END-- [ RunTime:0.002000s ]

[ 2017-05-14T14:19:40+08:00 ] ::1 /index.php?c=Admin&a=loadreportdetail
INFO: [ app_init ] --START--
INFO: Run Behavior\BuildLiteBehavior [ RunTime:0.000000s ]
INFO: [ app_init ] --END-- [ RunTime:0.000000s ]
INFO: [ app_begin ] --START--
INFO: Run Behavior\ReadHtmlCacheBehavior [ RunTime:0.001000s ]
INFO: [ app_begin ] --END-- [ RunTime:0.001000s ]
NOTIC: [8] Use of undefined constant user_name - assumed 'user_name' E:\sunbandad\pc_enchanteur\App\Home\Controller\AdminController.class.php 第 12 行.
SQL: SHOW COLUMNS FROM `reportdetail` [ RunTime:0.0420s ]
SQL: SELECT * FROM `reportdetail` WHERE ( datestr='2017-05-14' and code2='enchanteur_pc' ) ORDER BY times desc  [ RunTime:0.0420s ]
INFO: [ app_end ] --START--
INFO: Run Behavior\ShowPageTraceBehavior [ RunTime:0.002000s ]
INFO: [ app_end ] --END-- [ RunTime:0.003000s ]

[ 2017-05-14T14:19:46+08:00 ] ::1 /index.php?c=Admin&a=report
INFO: [ app_init ] --START--
INFO: Run Behavior\BuildLiteBehavior [ RunTime:0.000000s ]
INFO: [ app_init ] --END-- [ RunTime:0.001000s ]

[ 2017-05-14T14:19:47+08:00 ] ::1 /index.php?c=Admin&a=loadreport&_dc=1494742787432&page=1&start=0&limit=30
INFO: [ app_init ] --START--
INFO: Run Behavior\BuildLiteBehavior [ RunTime:0.000000s ]
INFO: [ app_init ] --END-- [ RunTime:0.001000s ]
INFO: [ app_begin ] --START--
INFO: Run Behavior\ReadHtmlCacheBehavior [ RunTime:0.001000s ]
INFO: [ app_begin ] --END-- [ RunTime:0.001000s ]
NOTIC: [8] Use of undefined constant user_name - assumed 'user_name' E:\sunbandad\pc_enchanteur\App\Home\Controller\AdminController.class.php 第 12 行.
SQL: SHOW COLUMNS FROM `ws_report` [ RunTime:0.0376s ]
SQL: SELECT COUNT(*) AS tp_count FROM `ws_report` LIMIT 1   [ RunTime:0.0412s ]
SQL: SELECT * FROM `ws_report` ORDER BY datestr desc LIMIT 0,24   [ RunTime:0.0380s ]
INFO: [ app_end ] --START--
INFO: Run Behavior\ShowPageTraceBehavior [ RunTime:0.002000s ]
INFO: [ app_end ] --END-- [ RunTime:0.002000s ]

[ 2017-05-14T22:47:18+08:00 ] ::1 /index.php?c=Admin&a=report
INFO: [ app_init ] --START--
INFO: Run Behavior\BuildLiteBehavior [ RunTime:0.000000s ]
INFO: [ app_init ] --END-- [ RunTime:0.007001s ]

[ 2017-05-14T22:47:18+08:00 ] ::1 /index.php?c=Index&a=login
INFO: [ app_init ] --START--
INFO: Run Behavior\BuildLiteBehavior [ RunTime:0.000000s ]
INFO: [ app_init ] --END-- [ RunTime:0.001000s ]

[ 2017-05-14T22:47:21+08:00 ] ::1 /index.php?c=Index&a=dologin&user_name=admin&password=admin2015
INFO: [ app_init ] --START--
INFO: Run Behavior\BuildLiteBehavior [ RunTime:0.000000s ]
INFO: [ app_init ] --END-- [ RunTime:0.000000s ]
INFO: [ app_begin ] --START--
INFO: Run Behavior\ReadHtmlCacheBehavior [ RunTime:0.001001s ]
INFO: [ app_begin ] --END-- [ RunTime:0.001001s ]
SQL: SHOW COLUMNS FROM `ws_admin_user` [ RunTime:0.0420s ]
SQL: SELECT * FROM `ws_admin_user` WHERE `user_name` = 'admin' AND `password` = '434d711276d2ed2068e7a02499fac15c' LIMIT 1   [ RunTime:0.0420s ]
NOTIC: [8] Use of undefined constant user_name - assumed 'user_name' E:\sunbandad\pc_enchanteur\App\Home\Controller\IndexController.class.php 第 36 行.

[ 2017-05-14T22:47:21+08:00 ] ::1 /index.php?c=Admin&a=index
INFO: [ app_init ] --START--
INFO: Run Behavior\BuildLiteBehavior [ RunTime:0.000000s ]
INFO: [ app_init ] --END-- [ RunTime:0.001000s ]

[ 2017-05-14T22:47:22+08:00 ] ::1 /index.php?c=Admin&a=splist
INFO: [ app_init ] --START--
INFO: Run Behavior\BuildLiteBehavior [ RunTime:0.000000s ]
INFO: [ app_init ] --END-- [ RunTime:0.001000s ]

[ 2017-05-14T22:47:23+08:00 ] ::1 /index.php?c=Admin&a=spload&_dc=1494773243286&page=1&start=0&limit=20
INFO: [ app_init ] --START--
INFO: Run Behavior\BuildLiteBehavior [ RunTime:0.000000s ]
INFO: [ app_init ] --END-- [ RunTime:0.001000s ]
INFO: [ app_begin ] --START--
INFO: Run Behavior\ReadHtmlCacheBehavior [ RunTime:0.001000s ]
INFO: [ app_begin ] --END-- [ RunTime:0.001000s ]
NOTIC: [8] Use of undefined constant user_name - assumed 'user_name' E:\sunbandad\pc_enchanteur\App\Home\Controller\AdminController.class.php 第 12 行.
SQL: SHOW COLUMNS FROM `spcenter` [ RunTime:0.0430s ]
SQL: SELECT COUNT(*) AS tp_count FROM `spcenter` LIMIT 1   [ RunTime:0.0420s ]
SQL: SELECT * FROM `spcenter` ORDER BY createtime desc LIMIT 0,20   [ RunTime:0.0440s ]
INFO: [ app_end ] --START--
INFO: Run Behavior\ShowPageTraceBehavior [ RunTime:0.000000s ]
INFO: [ app_end ] --END-- [ RunTime:0.001000s ]

[ 2017-05-14T22:47:23+08:00 ] ::1 /index.php?c=Admin&a=report
INFO: [ app_init ] --START--
INFO: Run Behavior\BuildLiteBehavior [ RunTime:0.000000s ]
INFO: [ app_init ] --END-- [ RunTime:0.000000s ]

[ 2017-05-14T22:47:24+08:00 ] ::1 /index.php?c=Admin&a=loadreport&_dc=1494773244355&page=1&start=0&limit=30
INFO: [ app_init ] --START--
INFO: Run Behavior\BuildLiteBehavior [ RunTime:0.000000s ]
INFO: [ app_init ] --END-- [ RunTime:0.000000s ]
INFO: [ app_begin ] --START--
INFO: Run Behavior\ReadHtmlCacheBehavior [ RunTime:0.001001s ]
INFO: [ app_begin ] --END-- [ RunTime:0.001001s ]
NOTIC: [8] Use of undefined constant user_name - assumed 'user_name' E:\sunbandad\pc_enchanteur\App\Home\Controller\AdminController.class.php 第 12 行.
SQL: SHOW COLUMNS FROM `ws_report` [ RunTime:0.0370s ]
SQL: SELECT COUNT(*) AS tp_count FROM `ws_report` LIMIT 1   [ RunTime:0.0360s ]
SQL: SELECT * FROM `ws_report` ORDER BY datestr desc LIMIT 0,24   [ RunTime:0.0360s ]
INFO: [ app_end ] --START--
INFO: Run Behavior\ShowPageTraceBehavior [ RunTime:0.002000s ]
INFO: [ app_end ] --END-- [ RunTime:0.002000s ]

[ 2017-05-14T22:47:36+08:00 ] ::1 /index.php?c=Admin&a=loadreportdetail
INFO: [ app_init ] --START--
INFO: Run Behavior\BuildLiteBehavior [ RunTime:0.000000s ]
INFO: [ app_init ] --END-- [ RunTime:0.001000s ]
INFO: [ app_begin ] --START--
INFO: Run Behavior\ReadHtmlCacheBehavior [ RunTime:0.000000s ]
INFO: [ app_begin ] --END-- [ RunTime:0.001000s ]
NOTIC: [8] Use of undefined constant user_name - assumed 'user_name' E:\sunbandad\pc_enchanteur\App\Home\Controller\AdminController.class.php 第 12 行.
SQL: SHOW COLUMNS FROM `reportdetail` [ RunTime:0.0380s ]
SQL: SELECT * FROM `reportdetail` WHERE ( datestr='2017-05-14' and code2='enchanteur_m' ) ORDER BY times desc  [ RunTime:0.0390s ]
INFO: [ app_end ] --START--
INFO: Run Behavior\ShowPageTraceBehavior [ RunTime:0.001000s ]
INFO: [ app_end ] --END-- [ RunTime:0.002000s ]

[ 2017-05-14T22:47:45+08:00 ] ::1 /index.php?c=Admin&a=loadreportdetail
INFO: [ app_init ] --START--
INFO: Run Behavior\BuildLiteBehavior [ RunTime:0.000000s ]
INFO: [ app_init ] --END-- [ RunTime:0.000000s ]
INFO: [ app_begin ] --START--
INFO: Run Behavior\ReadHtmlCacheBehavior [ RunTime:0.000000s ]
INFO: [ app_begin ] --END-- [ RunTime:0.000000s ]
NOTIC: [8] Use of undefined constant user_name - assumed 'user_name' E:\sunbandad\pc_enchanteur\App\Home\Controller\AdminController.class.php 第 12 行.
SQL: SHOW COLUMNS FROM `reportdetail` [ RunTime:0.0420s ]
SQL: SELECT * FROM `reportdetail` WHERE ( datestr='2017-05-14' and code2='enchanteur_pc' ) ORDER BY times desc  [ RunTime:0.0430s ]
INFO: [ app_end ] --START--
INFO: Run Behavior\ShowPageTraceBehavior [ RunTime:0.001000s ]
INFO: [ app_end ] --END-- [ RunTime:0.002000s ]

[ 2017-05-14T22:47:56+08:00 ] ::1 /index.php?c=Admin&a=logout
INFO: [ app_init ] --START--
INFO: Run Behavior\BuildLiteBehavior [ RunTime:0.000000s ]
INFO: [ app_init ] --END-- [ RunTime:0.001000s ]
INFO: [ app_begin ] --START--
INFO: Run Behavior\ReadHtmlCacheBehavior [ RunTime:0.001000s ]
INFO: [ app_begin ] --END-- [ RunTime:0.001000s ]
NOTIC: [8] Use of undefined constant user_name - assumed 'user_name' E:\sunbandad\pc_enchanteur\App\Home\Controller\AdminController.class.php 第 12 行.
NOTIC: [8] Use of undefined constant user_name - assumed 'user_name' E:\sunbandad\pc_enchanteur\App\Home\Controller\AdminController.class.php 第 19 行.

[ 2017-05-14T22:47:56+08:00 ] ::1 /index.php?c=Index&a=login
INFO: [ app_init ] --START--
INFO: Run Behavior\BuildLiteBehavior [ RunTime:0.000000s ]
INFO: [ app_init ] --END-- [ RunTime:0.001000s ]

